[warn] Multiple dependencies with the same organization/name but different versions. To avoid conflict, pick one version:
[warn]  * org.scala-lang.modules:scala-xml_2.11:(1.0.5, 1.0.4)
[debug] :: resolving dependencies :: default#scalatestforui$sources_2.11;1.0
[debug] 	confs: [compile, runtime, test, provided, optional, compile-internal, runtime-internal, test-internal, plugin, sources, docs, pom, scala-tool]
[debug] 	validate = true
[debug] 	refresh = false
[debug] resolving dependencies for configuration 'compile'
[debug] == resolving dependencies for default#scalatestforui$sources_2.11;1.0 [compile]
[debug] == resolving dependencies default#scalatestforui$sources_2.11;1.0->org.scala-lang#scala-library;2.11.8 [compile->default(compile)]
[info] Resolving org.scala-lang#scala-library;2.11.8 ...
[debug] sbt-chain: Checking cache for: sbt.ivyint.MergedDescriptors@1da91778
[debug] sbt-chain: module revision found in cache: org.scala-lang#scala-library;2.11.8
[debug] 	found org.scala-lang#scala-library;2.11.8 in sbt-chain
[debug] 	[2.11.8] org.scala-lang#scala-library;2.11.8
[debug] == resolving dependencies default#scalatestforui$sources_2.11;1.0->org.scala-lang#scala-library;2.11.8 [compile->runtime]
[debug] == resolving dependencies default#scalatestforui$sources_2.11;1.0->org.scala-lang#scala-library;2.11.8 [compile->compile]
[debug] == resolving dependencies default#scalatestforui$sources_2.11;1.0->org.scala-lang#scala-library;2.11.8 [compile->master]
[debug] == resolving dependencies default#scalatestforui$sources_2.11;1.0->org.scalatest#scalatest_2.11;3.0.0 [compile->default(compile)]
[info] Resolving org.scalatest#scalatest_2.11;3.0.0 ...
[debug] sbt-chain: Checking cache for: sbt.ivyint.MergedDescriptors@799332f8
[debug] sbt-chain: module revision found in cache: org.scalatest#scalatest_2.11;3.0.0
[debug] 	found org.scalatest#scalatest_2.11;3.0.0 in sbt-chain
[debug] == resolving dependencies default#scalatestforui$sources_2.11;1.0->org.scalatest#scalatest_2.11;3.0.0 [compile->runtime]
[debug] == resolving dependencies default#scalatestforui$sources_2.11;1.0->org.scalatest#scalatest_2.11;3.0.0 [compile->compile]
[debug] == resolving dependencies default#scalatestforui$sources_2.11;1.0->org.scalatest#scalatest_2.11;3.0.0 [compile->master]
[debug] == resolving dependencies default#scalatestforui$sources_2.11;1.0->org.scalactic#scalactic_2.11;3.0.0 [compile->default(compile)]
[info] Resolving org.scalactic#scalactic_2.11;3.0.0 ...
[debug] sbt-chain: Checking cache for: sbt.ivyint.MergedDescriptors@18949ad1
[debug] sbt-chain: module revision found in cache: org.scalactic#scalactic_2.11;3.0.0
[debug] 	found org.scalactic#scalactic_2.11;3.0.0 in sbt-chain
[debug] == resolving dependencies default#scalatestforui$sources_2.11;1.0->org.scalactic#scalactic_2.11;3.0.0 [compile->runtime]
[debug] == resolving dependencies default#scalatestforui$sources_2.11;1.0->org.scalactic#scalactic_2.11;3.0.0 [compile->compile]
[debug] == resolving dependencies default#scalatestforui$sources_2.11;1.0->org.scalactic#scalactic_2.11;3.0.0 [compile->master]
[debug] == resolving dependencies default#scalatestforui$sources_2.11;1.0->org.scala-lang#scala-reflect;2.11.8 [compile->default(compile)]
[info] Resolving org.scala-lang#scala-reflect;2.11.8 ...
[debug] sbt-chain: Checking cache for: sbt.ivyint.MergedDescriptors@6c6d5f92
[debug] sbt-chain: module revision found in cache: org.scala-lang#scala-reflect;2.11.8
[debug] 	found org.scala-lang#scala-reflect;2.11.8 in sbt-chain
[debug] 	[2.11.8] org.scala-lang#scala-reflect;2.11.8
[debug] == resolving dependencies default#scalatestforui$sources_2.11;1.0->org.scala-lang#scala-reflect;2.11.8 [compile->runtime]
[debug] == resolving dependencies default#scalatestforui$sources_2.11;1.0->org.scala-lang#scala-reflect;2.11.8 [compile->compile]
[debug] == resolving dependencies default#scalatestforui$sources_2.11;1.0->org.scala-lang#scala-reflect;2.11.8 [compile->master]
[debug] == resolving dependencies default#scalatestforui$sources_2.11;1.0->org.scala-lang.modules#scala-xml_2.11;1.0.5 [compile->default(compile)]
[info] Resolving org.scala-lang.modules#scala-xml_2.11;1.0.5 ...
[debug] sbt-chain: Checking cache for: sbt.ivyint.MergedDescriptors@7e735cc7
[debug] sbt-chain: module revision found in cache: org.scala-lang.modules#scala-xml_2.11;1.0.5
[debug] 	found org.scala-lang.modules#scala-xml_2.11;1.0.5 in sbt-chain
[debug] == resolving dependencies default#scalatestforui$sources_2.11;1.0->org.scala-lang.modules#scala-xml_2.11;1.0.5 [compile->runtime]
[debug] == resolving dependencies default#scalatestforui$sources_2.11;1.0->org.scala-lang.modules#scala-xml_2.11;1.0.5 [compile->compile]
[debug] == resolving dependencies default#scalatestforui$sources_2.11;1.0->org.scala-lang.modules#scala-xml_2.11;1.0.5 [compile->master]
[debug] == resolving dependencies default#scalatestforui$sources_2.11;1.0->org.scala-lang.modules#scala-parser-combinators_2.11;1.0.4 [compile->default(compile)]
[info] Resolving org.scala-lang.modules#scala-parser-combinators_2.11;1.0.4 ...
[debug] sbt-chain: Checking cache for: sbt.ivyint.MergedDescriptors@44f05c1c
[debug] sbt-chain: module revision found in cache: org.scala-lang.modules#scala-parser-combinators_2.11;1.0.4
[debug] 	found org.scala-lang.modules#scala-parser-combinators_2.11;1.0.4 in sbt-chain
[debug] == resolving dependencies default#scalatestforui$sources_2.11;1.0->org.scala-lang.modules#scala-parser-combinators_2.11;1.0.4 [compile->runtime]
[debug] == resolving dependencies default#scalatestforui$sources_2.11;1.0->org.scala-lang.modules#scala-parser-combinators_2.11;1.0.4 [compile->compile]
[debug] == resolving dependencies default#scalatestforui$sources_2.11;1.0->org.scala-lang.modules#scala-parser-combinators_2.11;1.0.4 [compile->master]
[debug] resolving dependencies for configuration 'runtime'
[debug] == resolving dependencies for default#scalatestforui$sources_2.11;1.0 [runtime]
[debug] == resolving dependencies for default#scalatestforui$sources_2.11;1.0 [compile]
[debug] == resolving dependencies default#scalatestforui$sources_2.11;1.0->org.scala-lang#scala-library;2.11.8 [compile->default(compile)]
[debug] == resolving dependencies default#scalatestforui$sources_2.11;1.0->org.scala-lang#scala-library;2.11.8 [compile->runtime]
[debug] == resolving dependencies default#scalatestforui$sources_2.11;1.0->org.scala-lang#scala-library;2.11.8 [compile->compile]
[debug] == resolving dependencies default#scalatestforui$sources_2.11;1.0->org.scala-lang#scala-library;2.11.8 [compile->master]
[debug] == resolving dependencies default#scalatestforui$sources_2.11;1.0->org.scalatest#scalatest_2.11;3.0.0 [compile->default(compile)]
[debug] == resolving dependencies default#scalatestforui$sources_2.11;1.0->org.scalatest#scalatest_2.11;3.0.0 [compile->runtime]
[debug] == resolving dependencies default#scalatestforui$sources_2.11;1.0->org.scalatest#scalatest_2.11;3.0.0 [compile->compile]
[debug] == resolving dependencies default#scalatestforui$sources_2.11;1.0->org.scalatest#scalatest_2.11;3.0.0 [compile->master]
[debug] == resolving dependencies default#scalatestforui$sources_2.11;1.0->org.scalactic#scalactic_2.11;3.0.0 [compile->default(compile)]
[debug] == resolving dependencies default#scalatestforui$sources_2.11;1.0->org.scalactic#scalactic_2.11;3.0.0 [compile->runtime]
[debug] == resolving dependencies default#scalatestforui$sources_2.11;1.0->org.scalactic#scalactic_2.11;3.0.0 [compile->compile]
[debug] == resolving dependencies default#scalatestforui$sources_2.11;1.0->org.scalactic#scalactic_2.11;3.0.0 [compile->master]
[debug] == resolving dependencies default#scalatestforui$sources_2.11;1.0->org.scala-lang#scala-reflect;2.11.8 [compile->default(compile)]
[debug] == resolving dependencies default#scalatestforui$sources_2.11;1.0->org.scala-lang#scala-reflect;2.11.8 [compile->runtime]
[debug] == resolving dependencies default#scalatestforui$sources_2.11;1.0->org.scala-lang#scala-reflect;2.11.8 [compile->compile]
[debug] == resolving dependencies default#scalatestforui$sources_2.11;1.0->org.scala-lang#scala-reflect;2.11.8 [compile->master]
[debug] == resolving dependencies default#scalatestforui$sources_2.11;1.0->org.scala-lang.modules#scala-xml_2.11;1.0.5 [compile->default(compile)]
[debug] == resolving dependencies default#scalatestforui$sources_2.11;1.0->org.scala-lang.modules#scala-xml_2.11;1.0.5 [compile->runtime]
[debug] == resolving dependencies default#scalatestforui$sources_2.11;1.0->org.scala-lang.modules#scala-xml_2.11;1.0.5 [compile->compile]
[debug] == resolving dependencies default#scalatestforui$sources_2.11;1.0->org.scala-lang.modules#scala-xml_2.11;1.0.5 [compile->master]
[debug] == resolving dependencies default#scalatestforui$sources_2.11;1.0->org.scala-lang.modules#scala-parser-combinators_2.11;1.0.4 [compile->default(compile)]
[debug] == resolving dependencies default#scalatestforui$sources_2.11;1.0->org.scala-lang.modules#scala-parser-combinators_2.11;1.0.4 [compile->runtime]
[debug] == resolving dependencies default#scalatestforui$sources_2.11;1.0->org.scala-lang.modules#scala-parser-combinators_2.11;1.0.4 [compile->compile]
[debug] == resolving dependencies default#scalatestforui$sources_2.11;1.0->org.scala-lang.modules#scala-parser-combinators_2.11;1.0.4 [compile->master]
[debug] == resolving dependencies default#scalatestforui$sources_2.11;1.0->org.scala-lang#scala-library;2.11.8 [runtime->default(compile)]
[debug] == resolving dependencies default#scalatestforui$sources_2.11;1.0->org.scala-lang#scala-library;2.11.8 [runtime->runtime]
[debug] == resolving dependencies default#scalatestforui$sources_2.11;1.0->org.scala-lang#scala-library;2.11.8 [runtime->compile]
[debug] == resolving dependencies default#scalatestforui$sources_2.11;1.0->org.scala-lang#scala-library;2.11.8 [runtime->master]
[debug] == resolving dependencies default#scalatestforui$sources_2.11;1.0->org.scalatest#scalatest_2.11;3.0.0 [runtime->default(compile)]
[debug] == resolving dependencies default#scalatestforui$sources_2.11;1.0->org.scalatest#scalatest_2.11;3.0.0 [runtime->runtime]
[debug] == resolving dependencies default#scalatestforui$sources_2.11;1.0->org.scalatest#scalatest_2.11;3.0.0 [runtime->compile]
[debug] == resolving dependencies default#scalatestforui$sources_2.11;1.0->org.scalatest#scalatest_2.11;3.0.0 [runtime->master]
[debug] == resolving dependencies default#scalatestforui$sources_2.11;1.0->org.scalactic#scalactic_2.11;3.0.0 [runtime->default(compile)]
[debug] == resolving dependencies default#scalatestforui$sources_2.11;1.0->org.scalactic#scalactic_2.11;3.0.0 [runtime->runtime]
[debug] == resolving dependencies default#scalatestforui$sources_2.11;1.0->org.scalactic#scalactic_2.11;3.0.0 [runtime->compile]
[debug] == resolving dependencies default#scalatestforui$sources_2.11;1.0->org.scalactic#scalactic_2.11;3.0.0 [runtime->master]
[debug] == resolving dependencies default#scalatestforui$sources_2.11;1.0->org.scala-lang#scala-reflect;2.11.8 [runtime->default(compile)]
[debug] == resolving dependencies default#scalatestforui$sources_2.11;1.0->org.scala-lang#scala-reflect;2.11.8 [runtime->runtime]
[debug] == resolving dependencies default#scalatestforui$sources_2.11;1.0->org.scala-lang#scala-reflect;2.11.8 [runtime->compile]
[debug] == resolving dependencies default#scalatestforui$sources_2.11;1.0->org.scala-lang#scala-reflect;2.11.8 [runtime->master]
[debug] == resolving dependencies default#scalatestforui$sources_2.11;1.0->org.scala-lang.modules#scala-xml_2.11;1.0.5 [runtime->default(compile)]
[debug] == resolving dependencies default#scalatestforui$sources_2.11;1.0->org.scala-lang.modules#scala-xml_2.11;1.0.5 [runtime->runtime]
[debug] == resolving dependencies default#scalatestforui$sources_2.11;1.0->org.scala-lang.modules#scala-xml_2.11;1.0.5 [runtime->compile]
[debug] == resolving dependencies default#scalatestforui$sources_2.11;1.0->org.scala-lang.modules#scala-xml_2.11;1.0.5 [runtime->master]
[debug] == resolving dependencies default#scalatestforui$sources_2.11;1.0->org.scala-lang.modules#scala-parser-combinators_2.11;1.0.4 [runtime->default(compile)]
[debug] == resolving dependencies default#scalatestforui$sources_2.11;1.0->org.scala-lang.modules#scala-parser-combinators_2.11;1.0.4 [runtime->runtime]
[debug] == resolving dependencies default#scalatestforui$sources_2.11;1.0->org.scala-lang.modules#scala-parser-combinators_2.11;1.0.4 [runtime->compile]
[debug] == resolving dependencies default#scalatestforui$sources_2.11;1.0->org.scala-lang.modules#scala-parser-combinators_2.11;1.0.4 [runtime->master]
[debug] resolving dependencies for configuration 'test'
[debug] == resolving dependencies for default#scalatestforui$sources_2.11;1.0 [test]
[debug] == resolving dependencies for default#scalatestforui$sources_2.11;1.0 [runtime]
[debug] == resolving dependencies for default#scalatestforui$sources_2.11;1.0 [compile]
[debug] == resolving dependencies default#scalatestforui$sources_2.11;1.0->org.scala-lang#scala-library;2.11.8 [compile->default(compile)]
[debug] == resolving dependencies default#scalatestforui$sources_2.11;1.0->org.scala-lang#scala-library;2.11.8 [compile->runtime]
[debug] == resolving dependencies default#scalatestforui$sources_2.11;1.0->org.scala-lang#scala-library;2.11.8 [compile->compile]
[debug] == resolving dependencies default#scalatestforui$sources_2.11;1.0->org.scala-lang#scala-library;2.11.8 [compile->master]
[debug] == resolving dependencies default#scalatestforui$sources_2.11;1.0->org.scalatest#scalatest_2.11;3.0.0 [compile->default(compile)]
[debug] == resolving dependencies default#scalatestforui$sources_2.11;1.0->org.scalatest#scalatest_2.11;3.0.0 [compile->runtime]
[debug] == resolving dependencies default#scalatestforui$sources_2.11;1.0->org.scalatest#scalatest_2.11;3.0.0 [compile->compile]
[debug] == resolving dependencies default#scalatestforui$sources_2.11;1.0->org.scalatest#scalatest_2.11;3.0.0 [compile->master]
[debug] == resolving dependencies default#scalatestforui$sources_2.11;1.0->org.scalactic#scalactic_2.11;3.0.0 [compile->default(compile)]
[debug] == resolving dependencies default#scalatestforui$sources_2.11;1.0->org.scalactic#scalactic_2.11;3.0.0 [compile->runtime]
[debug] == resolving dependencies default#scalatestforui$sources_2.11;1.0->org.scalactic#scalactic_2.11;3.0.0 [compile->compile]
[debug] == resolving dependencies default#scalatestforui$sources_2.11;1.0->org.scalactic#scalactic_2.11;3.0.0 [compile->master]
[debug] == resolving dependencies default#scalatestforui$sources_2.11;1.0->org.scala-lang#scala-reflect;2.11.8 [compile->default(compile)]
[debug] == resolving dependencies default#scalatestforui$sources_2.11;1.0->org.scala-lang#scala-reflect;2.11.8 [compile->runtime]
[debug] == resolving dependencies default#scalatestforui$sources_2.11;1.0->org.scala-lang#scala-reflect;2.11.8 [compile->compile]
[debug] == resolving dependencies default#scalatestforui$sources_2.11;1.0->org.scala-lang#scala-reflect;2.11.8 [compile->master]
[debug] == resolving dependencies default#scalatestforui$sources_2.11;1.0->org.scala-lang.modules#scala-xml_2.11;1.0.5 [compile->default(compile)]
[debug] == resolving dependencies default#scalatestforui$sources_2.11;1.0->org.scala-lang.modules#scala-xml_2.11;1.0.5 [compile->runtime]
[debug] == resolving dependencies default#scalatestforui$sources_2.11;1.0->org.scala-lang.modules#scala-xml_2.11;1.0.5 [compile->compile]
[debug] == resolving dependencies default#scalatestforui$sources_2.11;1.0->org.scala-lang.modules#scala-xml_2.11;1.0.5 [compile->master]
[debug] == resolving dependencies default#scalatestforui$sources_2.11;1.0->org.scala-lang.modules#scala-parser-combinators_2.11;1.0.4 [compile->default(compile)]
[debug] == resolving dependencies default#scalatestforui$sources_2.11;1.0->org.scala-lang.modules#scala-parser-combinators_2.11;1.0.4 [compile->runtime]
[debug] == resolving dependencies default#scalatestforui$sources_2.11;1.0->org.scala-lang.modules#scala-parser-combinators_2.11;1.0.4 [compile->compile]
[debug] == resolving dependencies default#scalatestforui$sources_2.11;1.0->org.scala-lang.modules#scala-parser-combinators_2.11;1.0.4 [compile->master]
[debug] == resolving dependencies default#scalatestforui$sources_2.11;1.0->org.scala-lang#scala-library;2.11.8 [runtime->default(compile)]
[debug] == resolving dependencies default#scalatestforui$sources_2.11;1.0->org.scala-lang#scala-library;2.11.8 [runtime->runtime]
[debug] == resolving dependencies default#scalatestforui$sources_2.11;1.0->org.scala-lang#scala-library;2.11.8 [runtime->compile]
[debug] == resolving dependencies default#scalatestforui$sources_2.11;1.0->org.scala-lang#scala-library;2.11.8 [runtime->master]
[debug] == resolving dependencies default#scalatestforui$sources_2.11;1.0->org.scalatest#scalatest_2.11;3.0.0 [runtime->default(compile)]
[debug] == resolving dependencies default#scalatestforui$sources_2.11;1.0->org.scalatest#scalatest_2.11;3.0.0 [runtime->runtime]
[debug] == resolving dependencies default#scalatestforui$sources_2.11;1.0->org.scalatest#scalatest_2.11;3.0.0 [runtime->compile]
[debug] == resolving dependencies default#scalatestforui$sources_2.11;1.0->org.scalatest#scalatest_2.11;3.0.0 [runtime->master]
[debug] == resolving dependencies default#scalatestforui$sources_2.11;1.0->org.scalactic#scalactic_2.11;3.0.0 [runtime->default(compile)]
[debug] == resolving dependencies default#scalatestforui$sources_2.11;1.0->org.scalactic#scalactic_2.11;3.0.0 [runtime->runtime]
[debug] == resolving dependencies default#scalatestforui$sources_2.11;1.0->org.scalactic#scalactic_2.11;3.0.0 [runtime->compile]
[debug] == resolving dependencies default#scalatestforui$sources_2.11;1.0->org.scalactic#scalactic_2.11;3.0.0 [runtime->master]
[debug] == resolving dependencies default#scalatestforui$sources_2.11;1.0->org.scala-lang#scala-reflect;2.11.8 [runtime->default(compile)]
[debug] == resolving dependencies default#scalatestforui$sources_2.11;1.0->org.scala-lang#scala-reflect;2.11.8 [runtime->runtime]
[debug] == resolving dependencies default#scalatestforui$sources_2.11;1.0->org.scala-lang#scala-reflect;2.11.8 [runtime->compile]
[debug] == resolving dependencies default#scalatestforui$sources_2.11;1.0->org.scala-lang#scala-reflect;2.11.8 [runtime->master]
[debug] == resolving dependencies default#scalatestforui$sources_2.11;1.0->org.scala-lang.modules#scala-xml_2.11;1.0.5 [runtime->default(compile)]
[debug] == resolving dependencies default#scalatestforui$sources_2.11;1.0->org.scala-lang.modules#scala-xml_2.11;1.0.5 [runtime->runtime]
[debug] == resolving dependencies default#scalatestforui$sources_2.11;1.0->org.scala-lang.modules#scala-xml_2.11;1.0.5 [runtime->compile]
[debug] == resolving dependencies default#scalatestforui$sources_2.11;1.0->org.scala-lang.modules#scala-xml_2.11;1.0.5 [runtime->master]
[debug] == resolving dependencies default#scalatestforui$sources_2.11;1.0->org.scala-lang.modules#scala-parser-combinators_2.11;1.0.4 [runtime->default(compile)]
[debug] == resolving dependencies default#scalatestforui$sources_2.11;1.0->org.scala-lang.modules#scala-parser-combinators_2.11;1.0.4 [runtime->runtime]
[debug] == resolving dependencies default#scalatestforui$sources_2.11;1.0->org.scala-lang.modules#scala-parser-combinators_2.11;1.0.4 [runtime->compile]
[debug] == resolving dependencies default#scalatestforui$sources_2.11;1.0->org.scala-lang.modules#scala-parser-combinators_2.11;1.0.4 [runtime->master]
[debug] == resolving dependencies default#scalatestforui$sources_2.11;1.0->org.scala-lang#scala-library;2.11.8 [test->default(compile)]
[debug] == resolving dependencies default#scalatestforui$sources_2.11;1.0->org.scala-lang#scala-library;2.11.8 [test->runtime]
[debug] == resolving dependencies default#scalatestforui$sources_2.11;1.0->org.scala-lang#scala-library;2.11.8 [test->compile]
[debug] == resolving dependencies default#scalatestforui$sources_2.11;1.0->org.scala-lang#scala-library;2.11.8 [test->master]
[debug] == resolving dependencies default#scalatestforui$sources_2.11;1.0->org.scalatest#scalatest_2.11;3.0.0 [test->default(compile)]
[debug] == resolving dependencies default#scalatestforui$sources_2.11;1.0->org.scalatest#scalatest_2.11;3.0.0 [test->runtime]
[debug] == resolving dependencies default#scalatestforui$sources_2.11;1.0->org.scalatest#scalatest_2.11;3.0.0 [test->compile]
[debug] == resolving dependencies default#scalatestforui$sources_2.11;1.0->org.scalatest#scalatest_2.11;3.0.0 [test->master]
[debug] == resolving dependencies default#scalatestforui$sources_2.11;1.0->org.scalactic#scalactic_2.11;3.0.0 [test->default(compile)]
[debug] == resolving dependencies default#scalatestforui$sources_2.11;1.0->org.scalactic#scalactic_2.11;3.0.0 [test->runtime]
[debug] == resolving dependencies default#scalatestforui$sources_2.11;1.0->org.scalactic#scalactic_2.11;3.0.0 [test->compile]
[debug] == resolving dependencies default#scalatestforui$sources_2.11;1.0->org.scalactic#scalactic_2.11;3.0.0 [test->master]
[debug] == resolving dependencies default#scalatestforui$sources_2.11;1.0->org.scala-lang#scala-reflect;2.11.8 [test->default(compile)]
[debug] == resolving dependencies default#scalatestforui$sources_2.11;1.0->org.scala-lang#scala-reflect;2.11.8 [test->runtime]
[debug] == resolving dependencies default#scalatestforui$sources_2.11;1.0->org.scala-lang#scala-reflect;2.11.8 [test->compile]
[debug] == resolving dependencies default#scalatestforui$sources_2.11;1.0->org.scala-lang#scala-reflect;2.11.8 [test->master]
[debug] == resolving dependencies default#scalatestforui$sources_2.11;1.0->org.scala-lang.modules#scala-xml_2.11;1.0.5 [test->default(compile)]
[debug] == resolving dependencies default#scalatestforui$sources_2.11;1.0->org.scala-lang.modules#scala-xml_2.11;1.0.5 [test->runtime]
[debug] == resolving dependencies default#scalatestforui$sources_2.11;1.0->org.scala-lang.modules#scala-xml_2.11;1.0.5 [test->compile]
[debug] == resolving dependencies default#scalatestforui$sources_2.11;1.0->org.scala-lang.modules#scala-xml_2.11;1.0.5 [test->master]
[debug] == resolving dependencies default#scalatestforui$sources_2.11;1.0->org.scala-lang.modules#scala-parser-combinators_2.11;1.0.4 [test->default(compile)]
[debug] == resolving dependencies default#scalatestforui$sources_2.11;1.0->org.scala-lang.modules#scala-parser-combinators_2.11;1.0.4 [test->runtime]
[debug] == resolving dependencies default#scalatestforui$sources_2.11;1.0->org.scala-lang.modules#scala-parser-combinators_2.11;1.0.4 [test->compile]
[debug] == resolving dependencies default#scalatestforui$sources_2.11;1.0->org.scala-lang.modules#scala-parser-combinators_2.11;1.0.4 [test->master]
[debug] == resolving dependencies default#scalatestforui$sources_2.11;1.0->org.seleniumhq.selenium#selenium-java;2.53.0 [test->default(compile)]
[info] Resolving org.seleniumhq.selenium#selenium-java;2.53.0 ...
[debug] sbt-chain: Checking cache for: sbt.ivyint.MergedDescriptors@17341fe4
[debug] sbt-chain: module revision found in cache: org.seleniumhq.selenium#selenium-java;2.53.0
[debug] 	found org.seleniumhq.selenium#selenium-java;2.53.0 in sbt-chain
[debug] == resolving dependencies default#scalatestforui$sources_2.11;1.0->org.seleniumhq.selenium#selenium-java;2.53.0 [test->runtime]
[debug] == resolving dependencies default#scalatestforui$sources_2.11;1.0->org.seleniumhq.selenium#selenium-java;2.53.0 [test->compile]
[debug] == resolving dependencies default#scalatestforui$sources_2.11;1.0->org.seleniumhq.selenium#selenium-java;2.53.0 [test->master]
[debug] == resolving dependencies default#scalatestforui$sources_2.11;1.0->org.seleniumhq.selenium#selenium-chrome-driver;2.53.0 [test->default(compile)]
[info] Resolving org.seleniumhq.selenium#selenium-chrome-driver;2.53.0 ...
[debug] sbt-chain: Checking cache for: sbt.ivyint.MergedDescriptors@12f10775
[debug] sbt-chain: module revision found in cache: org.seleniumhq.selenium#selenium-chrome-driver;2.53.0
[debug] 	found org.seleniumhq.selenium#selenium-chrome-driver;2.53.0 in sbt-chain
[debug] == resolving dependencies default#scalatestforui$sources_2.11;1.0->org.seleniumhq.selenium#selenium-chrome-driver;2.53.0 [test->runtime]
[debug] == resolving dependencies default#scalatestforui$sources_2.11;1.0->org.seleniumhq.selenium#selenium-chrome-driver;2.53.0 [test->compile]
[debug] == resolving dependencies default#scalatestforui$sources_2.11;1.0->org.seleniumhq.selenium#selenium-chrome-driver;2.53.0 [test->master]
[debug] == resolving dependencies default#scalatestforui$sources_2.11;1.0->org.seleniumhq.selenium#selenium-remote-driver;2.53.0 [test->default(compile)]
[info] Resolving org.seleniumhq.selenium#selenium-remote-driver;2.53.0 ...
[debug] sbt-chain: Checking cache for: sbt.ivyint.MergedDescriptors@7ee45bc4
[debug] sbt-chain: module revision found in cache: org.seleniumhq.selenium#selenium-remote-driver;2.53.0
[debug] 	found org.seleniumhq.selenium#selenium-remote-driver;2.53.0 in sbt-chain
[debug] == resolving dependencies default#scalatestforui$sources_2.11;1.0->org.seleniumhq.selenium#selenium-remote-driver;2.53.0 [test->runtime]
[debug] == resolving dependencies default#scalatestforui$sources_2.11;1.0->org.seleniumhq.selenium#selenium-remote-driver;2.53.0 [test->compile]
[debug] == resolving dependencies default#scalatestforui$sources_2.11;1.0->org.seleniumhq.selenium#selenium-remote-driver;2.53.0 [test->master]
[debug] == resolving dependencies default#scalatestforui$sources_2.11;1.0->cglib#cglib-nodep;2.1_3 [test->default(compile)]
[info] Resolving cglib#cglib-nodep;2.1_3 ...
[debug] sbt-chain: Checking cache for: sbt.ivyint.MergedDescriptors@384db734
[debug] sbt-chain: module revision found in cache: cglib#cglib-nodep;2.1_3
[debug] 	found cglib#cglib-nodep;2.1_3 in sbt-chain
[debug] == resolving dependencies default#scalatestforui$sources_2.11;1.0->cglib#cglib-nodep;2.1_3 [test->runtime]
[debug] == resolving dependencies default#scalatestforui$sources_2.11;1.0->cglib#cglib-nodep;2.1_3 [test->compile]
[debug] == resolving dependencies default#scalatestforui$sources_2.11;1.0->cglib#cglib-nodep;2.1_3 [test->master]
[debug] == resolving dependencies default#scalatestforui$sources_2.11;1.0->com.google.code.gson#gson;2.3.1 [test->default(compile)]
[info] Resolving com.google.code.gson#gson;2.3.1 ...
[debug] sbt-chain: Checking cache for: sbt.ivyint.MergedDescriptors@98b32b6
[debug] sbt-chain: module revision found in cache: com.google.code.gson#gson;2.3.1
[debug] 	found com.google.code.gson#gson;2.3.1 in sbt-chain
[debug] == resolving dependencies default#scalatestforui$sources_2.11;1.0->com.google.code.gson#gson;2.3.1 [test->runtime]
[debug] == resolving dependencies default#scalatestforui$sources_2.11;1.0->com.google.code.gson#gson;2.3.1 [test->compile]
[debug] == resolving dependencies default#scalatestforui$sources_2.11;1.0->com.google.code.gson#gson;2.3.1 [test->master]
[debug] == resolving dependencies default#scalatestforui$sources_2.11;1.0->org.seleniumhq.selenium#selenium-api;2.53.0 [test->default(compile)]
[info] Resolving org.seleniumhq.selenium#selenium-api;2.53.0 ...
[debug] sbt-chain: Checking cache for: sbt.ivyint.MergedDescriptors@4aed58ca
[debug] sbt-chain: module revision found in cache: org.seleniumhq.selenium#selenium-api;2.53.0
[debug] 	found org.seleniumhq.selenium#selenium-api;2.53.0 in sbt-chain
[debug] == resolving dependencies default#scalatestforui$sources_2.11;1.0->org.seleniumhq.selenium#selenium-api;2.53.0 [test->runtime]
[debug] == resolving dependencies default#scalatestforui$sources_2.11;1.0->org.seleniumhq.selenium#selenium-api;2.53.0 [test->compile]
[debug] == resolving dependencies default#scalatestforui$sources_2.11;1.0->org.seleniumhq.selenium#selenium-api;2.53.0 [test->master]
[debug] == resolving dependencies default#scalatestforui$sources_2.11;1.0->com.google.guava#guava;19.0 [test->default(compile)]
[info] Resolving com.google.guava#guava;19.0 ...
[debug] sbt-chain: Checking cache for: sbt.ivyint.MergedDescriptors@32456c94
[debug] sbt-chain: module revision found in cache: com.google.guava#guava;19.0
[debug] 	found com.google.guava#guava;19.0 in sbt-chain
[debug] == resolving dependencies default#scalatestforui$sources_2.11;1.0->com.google.guava#guava;19.0 [test->runtime]
[debug] == resolving dependencies default#scalatestforui$sources_2.11;1.0->com.google.guava#guava;19.0 [test->compile]
[debug] == resolving dependencies default#scalatestforui$sources_2.11;1.0->com.google.guava#guava;19.0 [test->master]
[debug] == resolving dependencies default#scalatestforui$sources_2.11;1.0->org.apache.httpcomponents#httpclient;4.5.1 [test->default(compile)]
[info] Resolving org.apache.httpcomponents#httpclient;4.5.1 ...
[debug] sbt-chain: Checking cache for: sbt.ivyint.MergedDescriptors@1849901e
[debug] sbt-chain: module revision found in cache: org.apache.httpcomponents#httpclient;4.5.1
[debug] 	found org.apache.httpcomponents#httpclient;4.5.1 in sbt-chain
[debug] == resolving dependencies default#scalatestforui$sources_2.11;1.0->org.apache.httpcomponents#httpclient;4.5.1 [test->runtime]
[debug] == resolving dependencies default#scalatestforui$sources_2.11;1.0->org.apache.httpcomponents#httpclient;4.5.1 [test->compile]
[debug] == resolving dependencies default#scalatestforui$sources_2.11;1.0->org.apache.httpcomponents#httpclient;4.5.1 [test->master]
[debug] == resolving dependencies default#scalatestforui$sources_2.11;1.0->org.apache.httpcomponents#httpcore;4.4.3 [test->default(compile)]
[info] Resolving org.apache.httpcomponents#httpcore;4.4.3 ...
[debug] sbt-chain: Checking cache for: sbt.ivyint.MergedDescriptors@642d506d
[debug] sbt-chain: module revision found in cache: org.apache.httpcomponents#httpcore;4.4.3
[debug] 	found org.apache.httpcomponents#httpcore;4.4.3 in sbt-chain
[debug] == resolving dependencies default#scalatestforui$sources_2.11;1.0->org.apache.httpcomponents#httpcore;4.4.3 [test->runtime]
[debug] == resolving dependencies default#scalatestforui$sources_2.11;1.0->org.apache.httpcomponents#httpcore;4.4.3 [test->compile]
[debug] == resolving dependencies default#scalatestforui$sources_2.11;1.0->org.apache.httpcomponents#httpcore;4.4.3 [test->master]
[debug] == resolving dependencies default#scalatestforui$sources_2.11;1.0->commons-logging#commons-logging;1.2 [test->default(compile)]
[info] Resolving commons-logging#commons-logging;1.2 ...
[debug] sbt-chain: Checking cache for: sbt.ivyint.MergedDescriptors@2b2cbc8e
[debug] sbt-chain: module revision found in cache: commons-logging#commons-logging;1.2
[debug] 	found commons-logging#commons-logging;1.2 in sbt-chain
[debug] == resolving dependencies default#scalatestforui$sources_2.11;1.0->commons-logging#commons-logging;1.2 [test->runtime]
[debug] == resolving dependencies default#scalatestforui$sources_2.11;1.0->commons-logging#commons-logging;1.2 [test->compile]
[debug] == resolving dependencies default#scalatestforui$sources_2.11;1.0->commons-logging#commons-logging;1.2 [test->master]
[debug] == resolving dependencies default#scalatestforui$sources_2.11;1.0->commons-codec#commons-codec;1.10 [test->default(compile)]
[info] Resolving commons-codec#commons-codec;1.10 ...
[debug] sbt-chain: Checking cache for: sbt.ivyint.MergedDescriptors@4c3787ec
[debug] sbt-chain: module revision found in cache: commons-codec#commons-codec;1.10
[debug] 	found commons-codec#commons-codec;1.10 in sbt-chain
[debug] == resolving dependencies default#scalatestforui$sources_2.11;1.0->commons-codec#commons-codec;1.10 [test->runtime]
[debug] == resolving dependencies default#scalatestforui$sources_2.11;1.0->commons-codec#commons-codec;1.10 [test->compile]
[debug] == resolving dependencies default#scalatestforui$sources_2.11;1.0->commons-codec#commons-codec;1.10 [test->master]
[debug] == resolving dependencies default#scalatestforui$sources_2.11;1.0->org.apache.commons#commons-exec;1.3 [test->default(compile)]
[info] Resolving org.apache.commons#commons-exec;1.3 ...
[debug] sbt-chain: Checking cache for: sbt.ivyint.MergedDescriptors@3e60ee19
[debug] sbt-chain: module revision found in cache: org.apache.commons#commons-exec;1.3
[debug] 	found org.apache.commons#commons-exec;1.3 in sbt-chain
[debug] == resolving dependencies default#scalatestforui$sources_2.11;1.0->org.apache.commons#commons-exec;1.3 [test->runtime]
[debug] == resolving dependencies default#scalatestforui$sources_2.11;1.0->org.apache.commons#commons-exec;1.3 [test->compile]
[debug] == resolving dependencies default#scalatestforui$sources_2.11;1.0->org.apache.commons#commons-exec;1.3 [test->master]
[debug] == resolving dependencies default#scalatestforui$sources_2.11;1.0->net.java.dev.jna#jna;4.1.0 [test->default(compile)]
[info] Resolving net.java.dev.jna#jna;4.1.0 ...
[debug] sbt-chain: Checking cache for: sbt.ivyint.MergedDescriptors@504c5413
[debug] sbt-chain: module revision found in cache: net.java.dev.jna#jna;4.1.0
[debug] 	found net.java.dev.jna#jna;4.1.0 in sbt-chain
[debug] == resolving dependencies default#scalatestforui$sources_2.11;1.0->net.java.dev.jna#jna;4.1.0 [test->runtime]
[debug] == resolving dependencies default#scalatestforui$sources_2.11;1.0->net.java.dev.jna#jna;4.1.0 [test->compile]
[debug] == resolving dependencies default#scalatestforui$sources_2.11;1.0->net.java.dev.jna#jna;4.1.0 [test->master]
[debug] == resolving dependencies default#scalatestforui$sources_2.11;1.0->net.java.dev.jna#jna-platform;4.1.0 [test->default(compile)]
[info] Resolving net.java.dev.jna#jna-platform;4.1.0 ...
[debug] sbt-chain: Checking cache for: sbt.ivyint.MergedDescriptors@655962fb
[debug] sbt-chain: module revision found in cache: net.java.dev.jna#jna-platform;4.1.0
[debug] 	found net.java.dev.jna#jna-platform;4.1.0 in sbt-chain
[debug] == resolving dependencies default#scalatestforui$sources_2.11;1.0->net.java.dev.jna#jna-platform;4.1.0 [test->runtime]
[debug] == resolving dependencies default#scalatestforui$sources_2.11;1.0->net.java.dev.jna#jna-platform;4.1.0 [test->compile]
[debug] == resolving dependencies default#scalatestforui$sources_2.11;1.0->net.java.dev.jna#jna-platform;4.1.0 [test->master]
[debug] == resolving dependencies default#scalatestforui$sources_2.11;1.0->org.seleniumhq.selenium#selenium-edge-driver;2.53.0 [test->default(compile)]
[info] Resolving org.seleniumhq.selenium#selenium-edge-driver;2.53.0 ...
[debug] sbt-chain: Checking cache for: sbt.ivyint.MergedDescriptors@24b9d8c7
[debug] sbt-chain: module revision found in cache: org.seleniumhq.selenium#selenium-edge-driver;2.53.0
[debug] 	found org.seleniumhq.selenium#selenium-edge-driver;2.53.0 in sbt-chain
[debug] == resolving dependencies default#scalatestforui$sources_2.11;1.0->org.seleniumhq.selenium#selenium-edge-driver;2.53.0 [test->runtime]
[debug] == resolving dependencies default#scalatestforui$sources_2.11;1.0->org.seleniumhq.selenium#selenium-edge-driver;2.53.0 [test->compile]
[debug] == resolving dependencies default#scalatestforui$sources_2.11;1.0->org.seleniumhq.selenium#selenium-edge-driver;2.53.0 [test->master]
[debug] == resolving dependencies default#scalatestforui$sources_2.11;1.0->commons-io#commons-io;2.4 [test->default(compile)]
[info] Resolving commons-io#commons-io;2.4 ...
[debug] sbt-chain: Checking cache for: sbt.ivyint.MergedDescriptors@5940dc0f
[debug] sbt-chain: module revision found in cache: commons-io#commons-io;2.4
[debug] 	found commons-io#commons-io;2.4 in sbt-chain
[debug] == resolving dependencies default#scalatestforui$sources_2.11;1.0->commons-io#commons-io;2.4 [test->runtime]
[debug] == resolving dependencies default#scalatestforui$sources_2.11;1.0->commons-io#commons-io;2.4 [test->compile]
[debug] == resolving dependencies default#scalatestforui$sources_2.11;1.0->commons-io#commons-io;2.4 [test->master]
[debug] == resolving dependencies default#scalatestforui$sources_2.11;1.0->org.seleniumhq.selenium#selenium-firefox-driver;2.53.0 [test->default(compile)]
[info] Resolving org.seleniumhq.selenium#selenium-firefox-driver;2.53.0 ...
[debug] sbt-chain: Checking cache for: sbt.ivyint.MergedDescriptors@28320d2a
[debug] sbt-chain: module revision found in cache: org.seleniumhq.selenium#selenium-firefox-driver;2.53.0
[debug] 	found org.seleniumhq.selenium#selenium-firefox-driver;2.53.0 in sbt-chain
[debug] == resolving dependencies default#scalatestforui$sources_2.11;1.0->org.seleniumhq.selenium#selenium-firefox-driver;2.53.0 [test->runtime]
[debug] == resolving dependencies default#scalatestforui$sources_2.11;1.0->org.seleniumhq.selenium#selenium-firefox-driver;2.53.0 [test->compile]
[debug] == resolving dependencies default#scalatestforui$sources_2.11;1.0->org.seleniumhq.selenium#selenium-firefox-driver;2.53.0 [test->master]
[debug] == resolving dependencies default#scalatestforui$sources_2.11;1.0->org.seleniumhq.selenium#selenium-ie-driver;2.53.0 [test->default(compile)]
[info] Resolving org.seleniumhq.selenium#selenium-ie-driver;2.53.0 ...
[debug] sbt-chain: Checking cache for: sbt.ivyint.MergedDescriptors@547f705f
[debug] sbt-chain: module revision found in cache: org.seleniumhq.selenium#selenium-ie-driver;2.53.0
[debug] 	found org.seleniumhq.selenium#selenium-ie-driver;2.53.0 in sbt-chain
[debug] == resolving dependencies default#scalatestforui$sources_2.11;1.0->org.seleniumhq.selenium#selenium-ie-driver;2.53.0 [test->runtime]
[debug] == resolving dependencies default#scalatestforui$sources_2.11;1.0->org.seleniumhq.selenium#selenium-ie-driver;2.53.0 [test->compile]
[debug] == resolving dependencies default#scalatestforui$sources_2.11;1.0->org.seleniumhq.selenium#selenium-ie-driver;2.53.0 [test->master]
[debug] == resolving dependencies default#scalatestforui$sources_2.11;1.0->org.seleniumhq.selenium#selenium-safari-driver;2.53.0 [test->default(compile)]
[info] Resolving org.seleniumhq.selenium#selenium-safari-driver;2.53.0 ...
[debug] sbt-chain: Checking cache for: sbt.ivyint.MergedDescriptors@55f5a973
[debug] sbt-chain: module revision found in cache: org.seleniumhq.selenium#selenium-safari-driver;2.53.0
[debug] 	found org.seleniumhq.selenium#selenium-safari-driver;2.53.0 in sbt-chain
[debug] == resolving dependencies default#scalatestforui$sources_2.11;1.0->org.seleniumhq.selenium#selenium-safari-driver;2.53.0 [test->runtime]
[debug] == resolving dependencies default#scalatestforui$sources_2.11;1.0->org.seleniumhq.selenium#selenium-safari-driver;2.53.0 [test->compile]
[debug] == resolving dependencies default#scalatestforui$sources_2.11;1.0->org.seleniumhq.selenium#selenium-safari-driver;2.53.0 [test->master]
[debug] == resolving dependencies default#scalatestforui$sources_2.11;1.0->io.netty#netty;3.5.7.Final [test->default(compile)]
[info] Resolving io.netty#netty;3.5.7.Final ...
[debug] sbt-chain: Checking cache for: sbt.ivyint.MergedDescriptors@761926bd
[debug] sbt-chain: module revision found in cache: io.netty#netty;3.5.7.Final
[debug] 	found io.netty#netty;3.5.7.Final in sbt-chain
[debug] == resolving dependencies default#scalatestforui$sources_2.11;1.0->io.netty#netty;3.5.7.Final [test->runtime]
[debug] == resolving dependencies default#scalatestforui$sources_2.11;1.0->io.netty#netty;3.5.7.Final [test->compile]
[debug] == resolving dependencies default#scalatestforui$sources_2.11;1.0->io.netty#netty;3.5.7.Final [test->master]
[debug] == resolving dependencies default#scalatestforui$sources_2.11;1.0->org.seleniumhq.selenium#selenium-support;2.53.0 [test->default(compile)]
[info] Resolving org.seleniumhq.selenium#selenium-support;2.53.0 ...
[debug] sbt-chain: Checking cache for: sbt.ivyint.MergedDescriptors@21fb1733
[debug] sbt-chain: module revision found in cache: org.seleniumhq.selenium#selenium-support;2.53.0
[debug] 	found org.seleniumhq.selenium#selenium-support;2.53.0 in sbt-chain
[debug] == resolving dependencies default#scalatestforui$sources_2.11;1.0->org.seleniumhq.selenium#selenium-support;2.53.0 [test->runtime]
[debug] == resolving dependencies default#scalatestforui$sources_2.11;1.0->org.seleniumhq.selenium#selenium-support;2.53.0 [test->compile]
[debug] == resolving dependencies default#scalatestforui$sources_2.11;1.0->org.seleniumhq.selenium#selenium-support;2.53.0 [test->master]
[debug] == resolving dependencies default#scalatestforui$sources_2.11;1.0->org.seleniumhq.selenium#selenium-leg-rc;2.53.0 [test->default(compile)]
[info] Resolving org.seleniumhq.selenium#selenium-leg-rc;2.53.0 ...
[debug] sbt-chain: Checking cache for: sbt.ivyint.MergedDescriptors@79bca759
[debug] sbt-chain: module revision found in cache: org.seleniumhq.selenium#selenium-leg-rc;2.53.0
[debug] 	found org.seleniumhq.selenium#selenium-leg-rc;2.53.0 in sbt-chain
[debug] == resolving dependencies default#scalatestforui$sources_2.11;1.0->org.seleniumhq.selenium#selenium-leg-rc;2.53.0 [test->runtime]
[debug] == resolving dependencies default#scalatestforui$sources_2.11;1.0->org.seleniumhq.selenium#selenium-leg-rc;2.53.0 [test->compile]
[debug] == resolving dependencies default#scalatestforui$sources_2.11;1.0->org.seleniumhq.selenium#selenium-leg-rc;2.53.0 [test->master]
[debug] resolving dependencies for configuration 'provided'
[debug] == resolving dependencies for default#scalatestforui$sources_2.11;1.0 [provided]
[debug] resolving dependencies for configuration 'optional'
[debug] == resolving dependencies for default#scalatestforui$sources_2.11;1.0 [optional]
[debug] resolving dependencies for configuration 'compile-internal'
[debug] == resolving dependencies for default#scalatestforui$sources_2.11;1.0 [compile-internal]
[debug] == resolving dependencies for default#scalatestforui$sources_2.11;1.0 [compile]
[debug] == resolving dependencies default#scalatestforui$sources_2.11;1.0->org.scala-lang#scala-library;2.11.8 [compile->default(compile)]
[debug] == resolving dependencies default#scalatestforui$sources_2.11;1.0->org.scala-lang#scala-library;2.11.8 [compile->runtime]
[debug] == resolving dependencies default#scalatestforui$sources_2.11;1.0->org.scala-lang#scala-library;2.11.8 [compile->compile]
[debug] == resolving dependencies default#scalatestforui$sources_2.11;1.0->org.scala-lang#scala-library;2.11.8 [compile->master]
[debug] == resolving dependencies default#scalatestforui$sources_2.11;1.0->org.scalatest#scalatest_2.11;3.0.0 [compile->default(compile)]
[debug] == resolving dependencies default#scalatestforui$sources_2.11;1.0->org.scalatest#scalatest_2.11;3.0.0 [compile->runtime]
[debug] == resolving dependencies default#scalatestforui$sources_2.11;1.0->org.scalatest#scalatest_2.11;3.0.0 [compile->compile]
[debug] == resolving dependencies default#scalatestforui$sources_2.11;1.0->org.scalatest#scalatest_2.11;3.0.0 [compile->master]
[debug] == resolving dependencies default#scalatestforui$sources_2.11;1.0->org.scalactic#scalactic_2.11;3.0.0 [compile->default(compile)]
[debug] == resolving dependencies default#scalatestforui$sources_2.11;1.0->org.scalactic#scalactic_2.11;3.0.0 [compile->runtime]
[debug] == resolving dependencies default#scalatestforui$sources_2.11;1.0->org.scalactic#scalactic_2.11;3.0.0 [compile->compile]
[debug] == resolving dependencies default#scalatestforui$sources_2.11;1.0->org.scalactic#scalactic_2.11;3.0.0 [compile->master]
[debug] == resolving dependencies default#scalatestforui$sources_2.11;1.0->org.scala-lang#scala-reflect;2.11.8 [compile->default(compile)]
[debug] == resolving dependencies default#scalatestforui$sources_2.11;1.0->org.scala-lang#scala-reflect;2.11.8 [compile->runtime]
[debug] == resolving dependencies default#scalatestforui$sources_2.11;1.0->org.scala-lang#scala-reflect;2.11.8 [compile->compile]
[debug] == resolving dependencies default#scalatestforui$sources_2.11;1.0->org.scala-lang#scala-reflect;2.11.8 [compile->master]
[debug] == resolving dependencies default#scalatestforui$sources_2.11;1.0->org.scala-lang.modules#scala-xml_2.11;1.0.5 [compile->default(compile)]
[debug] == resolving dependencies default#scalatestforui$sources_2.11;1.0->org.scala-lang.modules#scala-xml_2.11;1.0.5 [compile->runtime]
[debug] == resolving dependencies default#scalatestforui$sources_2.11;1.0->org.scala-lang.modules#scala-xml_2.11;1.0.5 [compile->compile]
[debug] == resolving dependencies default#scalatestforui$sources_2.11;1.0->org.scala-lang.modules#scala-xml_2.11;1.0.5 [compile->master]
[debug] == resolving dependencies default#scalatestforui$sources_2.11;1.0->org.scala-lang.modules#scala-parser-combinators_2.11;1.0.4 [compile->default(compile)]
[debug] == resolving dependencies default#scalatestforui$sources_2.11;1.0->org.scala-lang.modules#scala-parser-combinators_2.11;1.0.4 [compile->runtime]
[debug] == resolving dependencies default#scalatestforui$sources_2.11;1.0->org.scala-lang.modules#scala-parser-combinators_2.11;1.0.4 [compile->compile]
[debug] == resolving dependencies default#scalatestforui$sources_2.11;1.0->org.scala-lang.modules#scala-parser-combinators_2.11;1.0.4 [compile->master]
[debug] == resolving dependencies for default#scalatestforui$sources_2.11;1.0 [optional]
[debug] == resolving dependencies for default#scalatestforui$sources_2.11;1.0 [provided]
[debug] == resolving dependencies default#scalatestforui$sources_2.11;1.0->org.scala-lang#scala-library;2.11.8 [compile-internal->default(compile)]
[debug] == resolving dependencies default#scalatestforui$sources_2.11;1.0->org.scala-lang#scala-library;2.11.8 [compile-internal->runtime]
[debug] == resolving dependencies default#scalatestforui$sources_2.11;1.0->org.scala-lang#scala-library;2.11.8 [compile-internal->compile]
[debug] == resolving dependencies default#scalatestforui$sources_2.11;1.0->org.scala-lang#scala-library;2.11.8 [compile-internal->master]
[debug] == resolving dependencies default#scalatestforui$sources_2.11;1.0->org.scalatest#scalatest_2.11;3.0.0 [compile-internal->default(compile)]
[debug] == resolving dependencies default#scalatestforui$sources_2.11;1.0->org.scalatest#scalatest_2.11;3.0.0 [compile-internal->runtime]
[debug] == resolving dependencies default#scalatestforui$sources_2.11;1.0->org.scalatest#scalatest_2.11;3.0.0 [compile-internal->compile]
[debug] == resolving dependencies default#scalatestforui$sources_2.11;1.0->org.scalatest#scalatest_2.11;3.0.0 [compile-internal->master]
[debug] == resolving dependencies default#scalatestforui$sources_2.11;1.0->org.scalactic#scalactic_2.11;3.0.0 [compile-internal->default(compile)]
[debug] == resolving dependencies default#scalatestforui$sources_2.11;1.0->org.scalactic#scalactic_2.11;3.0.0 [compile-internal->runtime]
[debug] == resolving dependencies default#scalatestforui$sources_2.11;1.0->org.scalactic#scalactic_2.11;3.0.0 [compile-internal->compile]
[debug] == resolving dependencies default#scalatestforui$sources_2.11;1.0->org.scalactic#scalactic_2.11;3.0.0 [compile-internal->master]
[debug] == resolving dependencies default#scalatestforui$sources_2.11;1.0->org.scala-lang#scala-reflect;2.11.8 [compile-internal->default(compile)]
[debug] == resolving dependencies default#scalatestforui$sources_2.11;1.0->org.scala-lang#scala-reflect;2.11.8 [compile-internal->runtime]
[debug] == resolving dependencies default#scalatestforui$sources_2.11;1.0->org.scala-lang#scala-reflect;2.11.8 [compile-internal->compile]
[debug] == resolving dependencies default#scalatestforui$sources_2.11;1.0->org.scala-lang#scala-reflect;2.11.8 [compile-internal->master]
[debug] == resolving dependencies default#scalatestforui$sources_2.11;1.0->org.scala-lang.modules#scala-xml_2.11;1.0.5 [compile-internal->default(compile)]
[debug] == resolving dependencies default#scalatestforui$sources_2.11;1.0->org.scala-lang.modules#scala-xml_2.11;1.0.5 [compile-internal->runtime]
[debug] == resolving dependencies default#scalatestforui$sources_2.11;1.0->org.scala-lang.modules#scala-xml_2.11;1.0.5 [compile-internal->compile]
[debug] == resolving dependencies default#scalatestforui$sources_2.11;1.0->org.scala-lang.modules#scala-xml_2.11;1.0.5 [compile-internal->master]
[debug] == resolving dependencies default#scalatestforui$sources_2.11;1.0->org.scala-lang.modules#scala-parser-combinators_2.11;1.0.4 [compile-internal->default(compile)]
[debug] == resolving dependencies default#scalatestforui$sources_2.11;1.0->org.scala-lang.modules#scala-parser-combinators_2.11;1.0.4 [compile-internal->runtime]
[debug] == resolving dependencies default#scalatestforui$sources_2.11;1.0->org.scala-lang.modules#scala-parser-combinators_2.11;1.0.4 [compile-internal->compile]
[debug] == resolving dependencies default#scalatestforui$sources_2.11;1.0->org.scala-lang.modules#scala-parser-combinators_2.11;1.0.4 [compile-internal->master]
[debug] resolving dependencies for configuration 'runtime-internal'
[debug] == resolving dependencies for default#scalatestforui$sources_2.11;1.0 [runtime-internal]
[debug] == resolving dependencies for default#scalatestforui$sources_2.11;1.0 [runtime]
[debug] == resolving dependencies for default#scalatestforui$sources_2.11;1.0 [compile]
[debug] == resolving dependencies default#scalatestforui$sources_2.11;1.0->org.scala-lang#scala-library;2.11.8 [compile->default(compile)]
[debug] == resolving dependencies default#scalatestforui$sources_2.11;1.0->org.scala-lang#scala-library;2.11.8 [compile->runtime]
[debug] == resolving dependencies default#scalatestforui$sources_2.11;1.0->org.scala-lang#scala-library;2.11.8 [compile->compile]
[debug] == resolving dependencies default#scalatestforui$sources_2.11;1.0->org.scala-lang#scala-library;2.11.8 [compile->master]
[debug] == resolving dependencies default#scalatestforui$sources_2.11;1.0->org.scalatest#scalatest_2.11;3.0.0 [compile->default(compile)]
[debug] == resolving dependencies default#scalatestforui$sources_2.11;1.0->org.scalatest#scalatest_2.11;3.0.0 [compile->runtime]
[debug] == resolving dependencies default#scalatestforui$sources_2.11;1.0->org.scalatest#scalatest_2.11;3.0.0 [compile->compile]
[debug] == resolving dependencies default#scalatestforui$sources_2.11;1.0->org.scalatest#scalatest_2.11;3.0.0 [compile->master]
[debug] == resolving dependencies default#scalatestforui$sources_2.11;1.0->org.scalactic#scalactic_2.11;3.0.0 [compile->default(compile)]
[debug] == resolving dependencies default#scalatestforui$sources_2.11;1.0->org.scalactic#scalactic_2.11;3.0.0 [compile->runtime]
[debug] == resolving dependencies default#scalatestforui$sources_2.11;1.0->org.scalactic#scalactic_2.11;3.0.0 [compile->compile]
[debug] == resolving dependencies default#scalatestforui$sources_2.11;1.0->org.scalactic#scalactic_2.11;3.0.0 [compile->master]
[debug] == resolving dependencies default#scalatestforui$sources_2.11;1.0->org.scala-lang#scala-reflect;2.11.8 [compile->default(compile)]
[debug] == resolving dependencies default#scalatestforui$sources_2.11;1.0->org.scala-lang#scala-reflect;2.11.8 [compile->runtime]
[debug] == resolving dependencies default#scalatestforui$sources_2.11;1.0->org.scala-lang#scala-reflect;2.11.8 [compile->compile]
[debug] == resolving dependencies default#scalatestforui$sources_2.11;1.0->org.scala-lang#scala-reflect;2.11.8 [compile->master]
[debug] == resolving dependencies default#scalatestforui$sources_2.11;1.0->org.scala-lang.modules#scala-xml_2.11;1.0.5 [compile->default(compile)]
[debug] == resolving dependencies default#scalatestforui$sources_2.11;1.0->org.scala-lang.modules#scala-xml_2.11;1.0.5 [compile->runtime]
[debug] == resolving dependencies default#scalatestforui$sources_2.11;1.0->org.scala-lang.modules#scala-xml_2.11;1.0.5 [compile->compile]
[debug] == resolving dependencies default#scalatestforui$sources_2.11;1.0->org.scala-lang.modules#scala-xml_2.11;1.0.5 [compile->master]
[debug] == resolving dependencies default#scalatestforui$sources_2.11;1.0->org.scala-lang.modules#scala-parser-combinators_2.11;1.0.4 [compile->default(compile)]
[debug] == resolving dependencies default#scalatestforui$sources_2.11;1.0->org.scala-lang.modules#scala-parser-combinators_2.11;1.0.4 [compile->runtime]
[debug] == resolving dependencies default#scalatestforui$sources_2.11;1.0->org.scala-lang.modules#scala-parser-combinators_2.11;1.0.4 [compile->compile]
[debug] == resolving dependencies default#scalatestforui$sources_2.11;1.0->org.scala-lang.modules#scala-parser-combinators_2.11;1.0.4 [compile->master]
[debug] == resolving dependencies default#scalatestforui$sources_2.11;1.0->org.scala-lang#scala-library;2.11.8 [runtime->default(compile)]
[debug] == resolving dependencies default#scalatestforui$sources_2.11;1.0->org.scala-lang#scala-library;2.11.8 [runtime->runtime]
[debug] == resolving dependencies default#scalatestforui$sources_2.11;1.0->org.scala-lang#scala-library;2.11.8 [runtime->compile]
[debug] == resolving dependencies default#scalatestforui$sources_2.11;1.0->org.scala-lang#scala-library;2.11.8 [runtime->master]
[debug] == resolving dependencies default#scalatestforui$sources_2.11;1.0->org.scalatest#scalatest_2.11;3.0.0 [runtime->default(compile)]
[debug] == resolving dependencies default#scalatestforui$sources_2.11;1.0->org.scalatest#scalatest_2.11;3.0.0 [runtime->runtime]
[debug] == resolving dependencies default#scalatestforui$sources_2.11;1.0->org.scalatest#scalatest_2.11;3.0.0 [runtime->compile]
[debug] == resolving dependencies default#scalatestforui$sources_2.11;1.0->org.scalatest#scalatest_2.11;3.0.0 [runtime->master]
[debug] == resolving dependencies default#scalatestforui$sources_2.11;1.0->org.scalactic#scalactic_2.11;3.0.0 [runtime->default(compile)]
[debug] == resolving dependencies default#scalatestforui$sources_2.11;1.0->org.scalactic#scalactic_2.11;3.0.0 [runtime->runtime]
[debug] == resolving dependencies default#scalatestforui$sources_2.11;1.0->org.scalactic#scalactic_2.11;3.0.0 [runtime->compile]
[debug] == resolving dependencies default#scalatestforui$sources_2.11;1.0->org.scalactic#scalactic_2.11;3.0.0 [runtime->master]
[debug] == resolving dependencies default#scalatestforui$sources_2.11;1.0->org.scala-lang#scala-reflect;2.11.8 [runtime->default(compile)]
[debug] == resolving dependencies default#scalatestforui$sources_2.11;1.0->org.scala-lang#scala-reflect;2.11.8 [runtime->runtime]
[debug] == resolving dependencies default#scalatestforui$sources_2.11;1.0->org.scala-lang#scala-reflect;2.11.8 [runtime->compile]
[debug] == resolving dependencies default#scalatestforui$sources_2.11;1.0->org.scala-lang#scala-reflect;2.11.8 [runtime->master]
[debug] == resolving dependencies default#scalatestforui$sources_2.11;1.0->org.scala-lang.modules#scala-xml_2.11;1.0.5 [runtime->default(compile)]
[debug] == resolving dependencies default#scalatestforui$sources_2.11;1.0->org.scala-lang.modules#scala-xml_2.11;1.0.5 [runtime->runtime]
[debug] == resolving dependencies default#scalatestforui$sources_2.11;1.0->org.scala-lang.modules#scala-xml_2.11;1.0.5 [runtime->compile]
[debug] == resolving dependencies default#scalatestforui$sources_2.11;1.0->org.scala-lang.modules#scala-xml_2.11;1.0.5 [runtime->master]
[debug] == resolving dependencies default#scalatestforui$sources_2.11;1.0->org.scala-lang.modules#scala-parser-combinators_2.11;1.0.4 [runtime->default(compile)]
[debug] == resolving dependencies default#scalatestforui$sources_2.11;1.0->org.scala-lang.modules#scala-parser-combinators_2.11;1.0.4 [runtime->runtime]
[debug] == resolving dependencies default#scalatestforui$sources_2.11;1.0->org.scala-lang.modules#scala-parser-combinators_2.11;1.0.4 [runtime->compile]
[debug] == resolving dependencies default#scalatestforui$sources_2.11;1.0->org.scala-lang.modules#scala-parser-combinators_2.11;1.0.4 [runtime->master]
[debug] == resolving dependencies for default#scalatestforui$sources_2.11;1.0 [optional]
[debug] == resolving dependencies default#scalatestforui$sources_2.11;1.0->org.scala-lang#scala-library;2.11.8 [runtime-internal->default(compile)]
[debug] == resolving dependencies default#scalatestforui$sources_2.11;1.0->org.scala-lang#scala-library;2.11.8 [runtime-internal->runtime]
[debug] == resolving dependencies default#scalatestforui$sources_2.11;1.0->org.scala-lang#scala-library;2.11.8 [runtime-internal->compile]
[debug] == resolving dependencies default#scalatestforui$sources_2.11;1.0->org.scala-lang#scala-library;2.11.8 [runtime-internal->master]
[debug] == resolving dependencies default#scalatestforui$sources_2.11;1.0->org.scalatest#scalatest_2.11;3.0.0 [runtime-internal->default(compile)]
[debug] == resolving dependencies default#scalatestforui$sources_2.11;1.0->org.scalatest#scalatest_2.11;3.0.0 [runtime-internal->runtime]
[debug] == resolving dependencies default#scalatestforui$sources_2.11;1.0->org.scalatest#scalatest_2.11;3.0.0 [runtime-internal->compile]
[debug] == resolving dependencies default#scalatestforui$sources_2.11;1.0->org.scalatest#scalatest_2.11;3.0.0 [runtime-internal->master]
[debug] == resolving dependencies default#scalatestforui$sources_2.11;1.0->org.scalactic#scalactic_2.11;3.0.0 [runtime-internal->default(compile)]
[debug] == resolving dependencies default#scalatestforui$sources_2.11;1.0->org.scalactic#scalactic_2.11;3.0.0 [runtime-internal->runtime]
[debug] == resolving dependencies default#scalatestforui$sources_2.11;1.0->org.scalactic#scalactic_2.11;3.0.0 [runtime-internal->compile]
[debug] == resolving dependencies default#scalatestforui$sources_2.11;1.0->org.scalactic#scalactic_2.11;3.0.0 [runtime-internal->master]
[debug] == resolving dependencies default#scalatestforui$sources_2.11;1.0->org.scala-lang#scala-reflect;2.11.8 [runtime-internal->default(compile)]
[debug] == resolving dependencies default#scalatestforui$sources_2.11;1.0->org.scala-lang#scala-reflect;2.11.8 [runtime-internal->runtime]
[debug] == resolving dependencies default#scalatestforui$sources_2.11;1.0->org.scala-lang#scala-reflect;2.11.8 [runtime-internal->compile]
[debug] == resolving dependencies default#scalatestforui$sources_2.11;1.0->org.scala-lang#scala-reflect;2.11.8 [runtime-internal->master]
[debug] == resolving dependencies default#scalatestforui$sources_2.11;1.0->org.scala-lang.modules#scala-xml_2.11;1.0.5 [runtime-internal->default(compile)]
[debug] == resolving dependencies default#scalatestforui$sources_2.11;1.0->org.scala-lang.modules#scala-xml_2.11;1.0.5 [runtime-internal->runtime]
[debug] == resolving dependencies default#scalatestforui$sources_2.11;1.0->org.scala-lang.modules#scala-xml_2.11;1.0.5 [runtime-internal->compile]
[debug] == resolving dependencies default#scalatestforui$sources_2.11;1.0->org.scala-lang.modules#scala-xml_2.11;1.0.5 [runtime-internal->master]
[debug] == resolving dependencies default#scalatestforui$sources_2.11;1.0->org.scala-lang.modules#scala-parser-combinators_2.11;1.0.4 [runtime-internal->default(compile)]
[debug] == resolving dependencies default#scalatestforui$sources_2.11;1.0->org.scala-lang.modules#scala-parser-combinators_2.11;1.0.4 [runtime-internal->runtime]
[debug] == resolving dependencies default#scalatestforui$sources_2.11;1.0->org.scala-lang.modules#scala-parser-combinators_2.11;1.0.4 [runtime-internal->compile]
[debug] == resolving dependencies default#scalatestforui$sources_2.11;1.0->org.scala-lang.modules#scala-parser-combinators_2.11;1.0.4 [runtime-internal->master]
[debug] resolving dependencies for configuration 'test-internal'
[debug] == resolving dependencies for default#scalatestforui$sources_2.11;1.0 [test-internal]
[debug] == resolving dependencies for default#scalatestforui$sources_2.11;1.0 [test]
[debug] == resolving dependencies for default#scalatestforui$sources_2.11;1.0 [runtime]
[debug] == resolving dependencies for default#scalatestforui$sources_2.11;1.0 [compile]
[debug] == resolving dependencies default#scalatestforui$sources_2.11;1.0->org.scala-lang#scala-library;2.11.8 [compile->default(compile)]
[debug] == resolving dependencies default#scalatestforui$sources_2.11;1.0->org.scala-lang#scala-library;2.11.8 [compile->runtime]
[debug] == resolving dependencies default#scalatestforui$sources_2.11;1.0->org.scala-lang#scala-library;2.11.8 [compile->compile]
[debug] == resolving dependencies default#scalatestforui$sources_2.11;1.0->org.scala-lang#scala-library;2.11.8 [compile->master]
[debug] == resolving dependencies default#scalatestforui$sources_2.11;1.0->org.scalatest#scalatest_2.11;3.0.0 [compile->default(compile)]
[debug] == resolving dependencies default#scalatestforui$sources_2.11;1.0->org.scalatest#scalatest_2.11;3.0.0 [compile->runtime]
[debug] == resolving dependencies default#scalatestforui$sources_2.11;1.0->org.scalatest#scalatest_2.11;3.0.0 [compile->compile]
[debug] == resolving dependencies default#scalatestforui$sources_2.11;1.0->org.scalatest#scalatest_2.11;3.0.0 [compile->master]
[debug] == resolving dependencies default#scalatestforui$sources_2.11;1.0->org.scalactic#scalactic_2.11;3.0.0 [compile->default(compile)]
[debug] == resolving dependencies default#scalatestforui$sources_2.11;1.0->org.scalactic#scalactic_2.11;3.0.0 [compile->runtime]
[debug] == resolving dependencies default#scalatestforui$sources_2.11;1.0->org.scalactic#scalactic_2.11;3.0.0 [compile->compile]
[debug] == resolving dependencies default#scalatestforui$sources_2.11;1.0->org.scalactic#scalactic_2.11;3.0.0 [compile->master]
[debug] == resolving dependencies default#scalatestforui$sources_2.11;1.0->org.scala-lang#scala-reflect;2.11.8 [compile->default(compile)]
[debug] == resolving dependencies default#scalatestforui$sources_2.11;1.0->org.scala-lang#scala-reflect;2.11.8 [compile->runtime]
[debug] == resolving dependencies default#scalatestforui$sources_2.11;1.0->org.scala-lang#scala-reflect;2.11.8 [compile->compile]
[debug] == resolving dependencies default#scalatestforui$sources_2.11;1.0->org.scala-lang#scala-reflect;2.11.8 [compile->master]
[debug] == resolving dependencies default#scalatestforui$sources_2.11;1.0->org.scala-lang.modules#scala-xml_2.11;1.0.5 [compile->default(compile)]
[debug] == resolving dependencies default#scalatestforui$sources_2.11;1.0->org.scala-lang.modules#scala-xml_2.11;1.0.5 [compile->runtime]
[debug] == resolving dependencies default#scalatestforui$sources_2.11;1.0->org.scala-lang.modules#scala-xml_2.11;1.0.5 [compile->compile]
[debug] == resolving dependencies default#scalatestforui$sources_2.11;1.0->org.scala-lang.modules#scala-xml_2.11;1.0.5 [compile->master]
[debug] == resolving dependencies default#scalatestforui$sources_2.11;1.0->org.scala-lang.modules#scala-parser-combinators_2.11;1.0.4 [compile->default(compile)]
[debug] == resolving dependencies default#scalatestforui$sources_2.11;1.0->org.scala-lang.modules#scala-parser-combinators_2.11;1.0.4 [compile->runtime]
[debug] == resolving dependencies default#scalatestforui$sources_2.11;1.0->org.scala-lang.modules#scala-parser-combinators_2.11;1.0.4 [compile->compile]
[debug] == resolving dependencies default#scalatestforui$sources_2.11;1.0->org.scala-lang.modules#scala-parser-combinators_2.11;1.0.4 [compile->master]
[debug] == resolving dependencies default#scalatestforui$sources_2.11;1.0->org.scala-lang#scala-library;2.11.8 [runtime->default(compile)]
[debug] == resolving dependencies default#scalatestforui$sources_2.11;1.0->org.scala-lang#scala-library;2.11.8 [runtime->runtime]
[debug] == resolving dependencies default#scalatestforui$sources_2.11;1.0->org.scala-lang#scala-library;2.11.8 [runtime->compile]
[debug] == resolving dependencies default#scalatestforui$sources_2.11;1.0->org.scala-lang#scala-library;2.11.8 [runtime->master]
[debug] == resolving dependencies default#scalatestforui$sources_2.11;1.0->org.scalatest#scalatest_2.11;3.0.0 [runtime->default(compile)]
[debug] == resolving dependencies default#scalatestforui$sources_2.11;1.0->org.scalatest#scalatest_2.11;3.0.0 [runtime->runtime]
[debug] == resolving dependencies default#scalatestforui$sources_2.11;1.0->org.scalatest#scalatest_2.11;3.0.0 [runtime->compile]
[debug] == resolving dependencies default#scalatestforui$sources_2.11;1.0->org.scalatest#scalatest_2.11;3.0.0 [runtime->master]
[debug] == resolving dependencies default#scalatestforui$sources_2.11;1.0->org.scalactic#scalactic_2.11;3.0.0 [runtime->default(compile)]
[debug] == resolving dependencies default#scalatestforui$sources_2.11;1.0->org.scalactic#scalactic_2.11;3.0.0 [runtime->runtime]
[debug] == resolving dependencies default#scalatestforui$sources_2.11;1.0->org.scalactic#scalactic_2.11;3.0.0 [runtime->compile]
[debug] == resolving dependencies default#scalatestforui$sources_2.11;1.0->org.scalactic#scalactic_2.11;3.0.0 [runtime->master]
[debug] == resolving dependencies default#scalatestforui$sources_2.11;1.0->org.scala-lang#scala-reflect;2.11.8 [runtime->default(compile)]
[debug] == resolving dependencies default#scalatestforui$sources_2.11;1.0->org.scala-lang#scala-reflect;2.11.8 [runtime->runtime]
[debug] == resolving dependencies default#scalatestforui$sources_2.11;1.0->org.scala-lang#scala-reflect;2.11.8 [runtime->compile]
[debug] == resolving dependencies default#scalatestforui$sources_2.11;1.0->org.scala-lang#scala-reflect;2.11.8 [runtime->master]
[debug] == resolving dependencies default#scalatestforui$sources_2.11;1.0->org.scala-lang.modules#scala-xml_2.11;1.0.5 [runtime->default(compile)]
[debug] == resolving dependencies default#scalatestforui$sources_2.11;1.0->org.scala-lang.modules#scala-xml_2.11;1.0.5 [runtime->runtime]
[debug] == resolving dependencies default#scalatestforui$sources_2.11;1.0->org.scala-lang.modules#scala-xml_2.11;1.0.5 [runtime->compile]
[debug] == resolving dependencies default#scalatestforui$sources_2.11;1.0->org.scala-lang.modules#scala-xml_2.11;1.0.5 [runtime->master]
[debug] == resolving dependencies default#scalatestforui$sources_2.11;1.0->org.scala-lang.modules#scala-parser-combinators_2.11;1.0.4 [runtime->default(compile)]
[debug] == resolving dependencies default#scalatestforui$sources_2.11;1.0->org.scala-lang.modules#scala-parser-combinators_2.11;1.0.4 [runtime->runtime]
[debug] == resolving dependencies default#scalatestforui$sources_2.11;1.0->org.scala-lang.modules#scala-parser-combinators_2.11;1.0.4 [runtime->compile]
[debug] == resolving dependencies default#scalatestforui$sources_2.11;1.0->org.scala-lang.modules#scala-parser-combinators_2.11;1.0.4 [runtime->master]
[debug] == resolving dependencies default#scalatestforui$sources_2.11;1.0->org.scala-lang#scala-library;2.11.8 [test->default(compile)]
[debug] == resolving dependencies default#scalatestforui$sources_2.11;1.0->org.scala-lang#scala-library;2.11.8 [test->runtime]
[debug] == resolving dependencies default#scalatestforui$sources_2.11;1.0->org.scala-lang#scala-library;2.11.8 [test->compile]
[debug] == resolving dependencies default#scalatestforui$sources_2.11;1.0->org.scala-lang#scala-library;2.11.8 [test->master]
[debug] == resolving dependencies default#scalatestforui$sources_2.11;1.0->org.scalatest#scalatest_2.11;3.0.0 [test->default(compile)]
[debug] == resolving dependencies default#scalatestforui$sources_2.11;1.0->org.scalatest#scalatest_2.11;3.0.0 [test->runtime]
[debug] == resolving dependencies default#scalatestforui$sources_2.11;1.0->org.scalatest#scalatest_2.11;3.0.0 [test->compile]
[debug] == resolving dependencies default#scalatestforui$sources_2.11;1.0->org.scalatest#scalatest_2.11;3.0.0 [test->master]
[debug] == resolving dependencies default#scalatestforui$sources_2.11;1.0->org.scalactic#scalactic_2.11;3.0.0 [test->default(compile)]
[debug] == resolving dependencies default#scalatestforui$sources_2.11;1.0->org.scalactic#scalactic_2.11;3.0.0 [test->runtime]
[debug] == resolving dependencies default#scalatestforui$sources_2.11;1.0->org.scalactic#scalactic_2.11;3.0.0 [test->compile]
[debug] == resolving dependencies default#scalatestforui$sources_2.11;1.0->org.scalactic#scalactic_2.11;3.0.0 [test->master]
[debug] == resolving dependencies default#scalatestforui$sources_2.11;1.0->org.scala-lang#scala-reflect;2.11.8 [test->default(compile)]
[debug] == resolving dependencies default#scalatestforui$sources_2.11;1.0->org.scala-lang#scala-reflect;2.11.8 [test->runtime]
[debug] == resolving dependencies default#scalatestforui$sources_2.11;1.0->org.scala-lang#scala-reflect;2.11.8 [test->compile]
[debug] == resolving dependencies default#scalatestforui$sources_2.11;1.0->org.scala-lang#scala-reflect;2.11.8 [test->master]
[debug] == resolving dependencies default#scalatestforui$sources_2.11;1.0->org.scala-lang.modules#scala-xml_2.11;1.0.5 [test->default(compile)]
[debug] == resolving dependencies default#scalatestforui$sources_2.11;1.0->org.scala-lang.modules#scala-xml_2.11;1.0.5 [test->runtime]
[debug] == resolving dependencies default#scalatestforui$sources_2.11;1.0->org.scala-lang.modules#scala-xml_2.11;1.0.5 [test->compile]
[debug] == resolving dependencies default#scalatestforui$sources_2.11;1.0->org.scala-lang.modules#scala-xml_2.11;1.0.5 [test->master]
[debug] == resolving dependencies default#scalatestforui$sources_2.11;1.0->org.scala-lang.modules#scala-parser-combinators_2.11;1.0.4 [test->default(compile)]
[debug] == resolving dependencies default#scalatestforui$sources_2.11;1.0->org.scala-lang.modules#scala-parser-combinators_2.11;1.0.4 [test->runtime]
[debug] == resolving dependencies default#scalatestforui$sources_2.11;1.0->org.scala-lang.modules#scala-parser-combinators_2.11;1.0.4 [test->compile]
[debug] == resolving dependencies default#scalatestforui$sources_2.11;1.0->org.scala-lang.modules#scala-parser-combinators_2.11;1.0.4 [test->master]
[debug] == resolving dependencies default#scalatestforui$sources_2.11;1.0->org.seleniumhq.selenium#selenium-java;2.53.0 [test->default(compile)]
[debug] == resolving dependencies default#scalatestforui$sources_2.11;1.0->org.seleniumhq.selenium#selenium-java;2.53.0 [test->runtime]
[debug] == resolving dependencies default#scalatestforui$sources_2.11;1.0->org.seleniumhq.selenium#selenium-java;2.53.0 [test->compile]
[debug] == resolving dependencies default#scalatestforui$sources_2.11;1.0->org.seleniumhq.selenium#selenium-java;2.53.0 [test->master]
[debug] == resolving dependencies default#scalatestforui$sources_2.11;1.0->org.seleniumhq.selenium#selenium-chrome-driver;2.53.0 [test->default(compile)]
[debug] == resolving dependencies default#scalatestforui$sources_2.11;1.0->org.seleniumhq.selenium#selenium-chrome-driver;2.53.0 [test->runtime]
[debug] == resolving dependencies default#scalatestforui$sources_2.11;1.0->org.seleniumhq.selenium#selenium-chrome-driver;2.53.0 [test->compile]
[debug] == resolving dependencies default#scalatestforui$sources_2.11;1.0->org.seleniumhq.selenium#selenium-chrome-driver;2.53.0 [test->master]
[debug] == resolving dependencies default#scalatestforui$sources_2.11;1.0->org.seleniumhq.selenium#selenium-remote-driver;2.53.0 [test->default(compile)]
[debug] == resolving dependencies default#scalatestforui$sources_2.11;1.0->org.seleniumhq.selenium#selenium-remote-driver;2.53.0 [test->runtime]
[debug] == resolving dependencies default#scalatestforui$sources_2.11;1.0->org.seleniumhq.selenium#selenium-remote-driver;2.53.0 [test->compile]
[debug] == resolving dependencies default#scalatestforui$sources_2.11;1.0->org.seleniumhq.selenium#selenium-remote-driver;2.53.0 [test->master]
[debug] == resolving dependencies default#scalatestforui$sources_2.11;1.0->cglib#cglib-nodep;2.1_3 [test->default(compile)]
[debug] == resolving dependencies default#scalatestforui$sources_2.11;1.0->cglib#cglib-nodep;2.1_3 [test->runtime]
[debug] == resolving dependencies default#scalatestforui$sources_2.11;1.0->cglib#cglib-nodep;2.1_3 [test->compile]
[debug] == resolving dependencies default#scalatestforui$sources_2.11;1.0->cglib#cglib-nodep;2.1_3 [test->master]
[debug] == resolving dependencies default#scalatestforui$sources_2.11;1.0->com.google.code.gson#gson;2.3.1 [test->default(compile)]
[debug] == resolving dependencies default#scalatestforui$sources_2.11;1.0->com.google.code.gson#gson;2.3.1 [test->runtime]
[debug] == resolving dependencies default#scalatestforui$sources_2.11;1.0->com.google.code.gson#gson;2.3.1 [test->compile]
[debug] == resolving dependencies default#scalatestforui$sources_2.11;1.0->com.google.code.gson#gson;2.3.1 [test->master]
[debug] == resolving dependencies default#scalatestforui$sources_2.11;1.0->org.seleniumhq.selenium#selenium-api;2.53.0 [test->default(compile)]
[debug] == resolving dependencies default#scalatestforui$sources_2.11;1.0->org.seleniumhq.selenium#selenium-api;2.53.0 [test->runtime]
[debug] == resolving dependencies default#scalatestforui$sources_2.11;1.0->org.seleniumhq.selenium#selenium-api;2.53.0 [test->compile]
[debug] == resolving dependencies default#scalatestforui$sources_2.11;1.0->org.seleniumhq.selenium#selenium-api;2.53.0 [test->master]
[debug] == resolving dependencies default#scalatestforui$sources_2.11;1.0->com.google.guava#guava;19.0 [test->default(compile)]
[debug] == resolving dependencies default#scalatestforui$sources_2.11;1.0->com.google.guava#guava;19.0 [test->runtime]
[debug] == resolving dependencies default#scalatestforui$sources_2.11;1.0->com.google.guava#guava;19.0 [test->compile]
[debug] == resolving dependencies default#scalatestforui$sources_2.11;1.0->com.google.guava#guava;19.0 [test->master]
[debug] == resolving dependencies default#scalatestforui$sources_2.11;1.0->org.apache.httpcomponents#httpclient;4.5.1 [test->default(compile)]
[debug] == resolving dependencies default#scalatestforui$sources_2.11;1.0->org.apache.httpcomponents#httpclient;4.5.1 [test->runtime]
[debug] == resolving dependencies default#scalatestforui$sources_2.11;1.0->org.apache.httpcomponents#httpclient;4.5.1 [test->compile]
[debug] == resolving dependencies default#scalatestforui$sources_2.11;1.0->org.apache.httpcomponents#httpclient;4.5.1 [test->master]
[debug] == resolving dependencies default#scalatestforui$sources_2.11;1.0->org.apache.httpcomponents#httpcore;4.4.3 [test->default(compile)]
[debug] == resolving dependencies default#scalatestforui$sources_2.11;1.0->org.apache.httpcomponents#httpcore;4.4.3 [test->runtime]
[debug] == resolving dependencies default#scalatestforui$sources_2.11;1.0->org.apache.httpcomponents#httpcore;4.4.3 [test->compile]
[debug] == resolving dependencies default#scalatestforui$sources_2.11;1.0->org.apache.httpcomponents#httpcore;4.4.3 [test->master]
[debug] == resolving dependencies default#scalatestforui$sources_2.11;1.0->commons-logging#commons-logging;1.2 [test->default(compile)]
[debug] == resolving dependencies default#scalatestforui$sources_2.11;1.0->commons-logging#commons-logging;1.2 [test->runtime]
[debug] == resolving dependencies default#scalatestforui$sources_2.11;1.0->commons-logging#commons-logging;1.2 [test->compile]
[debug] == resolving dependencies default#scalatestforui$sources_2.11;1.0->commons-logging#commons-logging;1.2 [test->master]
[debug] == resolving dependencies default#scalatestforui$sources_2.11;1.0->commons-codec#commons-codec;1.10 [test->default(compile)]
[debug] == resolving dependencies default#scalatestforui$sources_2.11;1.0->commons-codec#commons-codec;1.10 [test->runtime]
[debug] == resolving dependencies default#scalatestforui$sources_2.11;1.0->commons-codec#commons-codec;1.10 [test->compile]
[debug] == resolving dependencies default#scalatestforui$sources_2.11;1.0->commons-codec#commons-codec;1.10 [test->master]
[debug] == resolving dependencies default#scalatestforui$sources_2.11;1.0->org.apache.commons#commons-exec;1.3 [test->default(compile)]
[debug] == resolving dependencies default#scalatestforui$sources_2.11;1.0->org.apache.commons#commons-exec;1.3 [test->runtime]
[debug] == resolving dependencies default#scalatestforui$sources_2.11;1.0->org.apache.commons#commons-exec;1.3 [test->compile]
[debug] == resolving dependencies default#scalatestforui$sources_2.11;1.0->org.apache.commons#commons-exec;1.3 [test->master]
[debug] == resolving dependencies default#scalatestforui$sources_2.11;1.0->net.java.dev.jna#jna;4.1.0 [test->default(compile)]
[debug] == resolving dependencies default#scalatestforui$sources_2.11;1.0->net.java.dev.jna#jna;4.1.0 [test->runtime]
[debug] == resolving dependencies default#scalatestforui$sources_2.11;1.0->net.java.dev.jna#jna;4.1.0 [test->compile]
[debug] == resolving dependencies default#scalatestforui$sources_2.11;1.0->net.java.dev.jna#jna;4.1.0 [test->master]
[debug] == resolving dependencies default#scalatestforui$sources_2.11;1.0->net.java.dev.jna#jna-platform;4.1.0 [test->default(compile)]
[debug] == resolving dependencies default#scalatestforui$sources_2.11;1.0->net.java.dev.jna#jna-platform;4.1.0 [test->runtime]
[debug] == resolving dependencies default#scalatestforui$sources_2.11;1.0->net.java.dev.jna#jna-platform;4.1.0 [test->compile]
[debug] == resolving dependencies default#scalatestforui$sources_2.11;1.0->net.java.dev.jna#jna-platform;4.1.0 [test->master]
[debug] == resolving dependencies default#scalatestforui$sources_2.11;1.0->org.seleniumhq.selenium#selenium-edge-driver;2.53.0 [test->default(compile)]
[debug] == resolving dependencies default#scalatestforui$sources_2.11;1.0->org.seleniumhq.selenium#selenium-edge-driver;2.53.0 [test->runtime]
[debug] == resolving dependencies default#scalatestforui$sources_2.11;1.0->org.seleniumhq.selenium#selenium-edge-driver;2.53.0 [test->compile]
[debug] == resolving dependencies default#scalatestforui$sources_2.11;1.0->org.seleniumhq.selenium#selenium-edge-driver;2.53.0 [test->master]
[debug] == resolving dependencies default#scalatestforui$sources_2.11;1.0->commons-io#commons-io;2.4 [test->default(compile)]
[debug] == resolving dependencies default#scalatestforui$sources_2.11;1.0->commons-io#commons-io;2.4 [test->runtime]
[debug] == resolving dependencies default#scalatestforui$sources_2.11;1.0->commons-io#commons-io;2.4 [test->compile]
[debug] == resolving dependencies default#scalatestforui$sources_2.11;1.0->commons-io#commons-io;2.4 [test->master]
[debug] == resolving dependencies default#scalatestforui$sources_2.11;1.0->org.seleniumhq.selenium#selenium-firefox-driver;2.53.0 [test->default(compile)]
[debug] == resolving dependencies default#scalatestforui$sources_2.11;1.0->org.seleniumhq.selenium#selenium-firefox-driver;2.53.0 [test->runtime]
[debug] == resolving dependencies default#scalatestforui$sources_2.11;1.0->org.seleniumhq.selenium#selenium-firefox-driver;2.53.0 [test->compile]
[debug] == resolving dependencies default#scalatestforui$sources_2.11;1.0->org.seleniumhq.selenium#selenium-firefox-driver;2.53.0 [test->master]
[debug] == resolving dependencies default#scalatestforui$sources_2.11;1.0->org.seleniumhq.selenium#selenium-ie-driver;2.53.0 [test->default(compile)]
[debug] == resolving dependencies default#scalatestforui$sources_2.11;1.0->org.seleniumhq.selenium#selenium-ie-driver;2.53.0 [test->runtime]
[debug] == resolving dependencies default#scalatestforui$sources_2.11;1.0->org.seleniumhq.selenium#selenium-ie-driver;2.53.0 [test->compile]
[debug] == resolving dependencies default#scalatestforui$sources_2.11;1.0->org.seleniumhq.selenium#selenium-ie-driver;2.53.0 [test->master]
[debug] == resolving dependencies default#scalatestforui$sources_2.11;1.0->org.seleniumhq.selenium#selenium-safari-driver;2.53.0 [test->default(compile)]
[debug] == resolving dependencies default#scalatestforui$sources_2.11;1.0->org.seleniumhq.selenium#selenium-safari-driver;2.53.0 [test->runtime]
[debug] == resolving dependencies default#scalatestforui$sources_2.11;1.0->org.seleniumhq.selenium#selenium-safari-driver;2.53.0 [test->compile]
[debug] == resolving dependencies default#scalatestforui$sources_2.11;1.0->org.seleniumhq.selenium#selenium-safari-driver;2.53.0 [test->master]
[debug] == resolving dependencies default#scalatestforui$sources_2.11;1.0->io.netty#netty;3.5.7.Final [test->default(compile)]
[debug] == resolving dependencies default#scalatestforui$sources_2.11;1.0->io.netty#netty;3.5.7.Final [test->runtime]
[debug] == resolving dependencies default#scalatestforui$sources_2.11;1.0->io.netty#netty;3.5.7.Final [test->compile]
[debug] == resolving dependencies default#scalatestforui$sources_2.11;1.0->io.netty#netty;3.5.7.Final [test->master]
[debug] == resolving dependencies default#scalatestforui$sources_2.11;1.0->org.seleniumhq.selenium#selenium-support;2.53.0 [test->default(compile)]
[debug] == resolving dependencies default#scalatestforui$sources_2.11;1.0->org.seleniumhq.selenium#selenium-support;2.53.0 [test->runtime]
[debug] == resolving dependencies default#scalatestforui$sources_2.11;1.0->org.seleniumhq.selenium#selenium-support;2.53.0 [test->compile]
[debug] == resolving dependencies default#scalatestforui$sources_2.11;1.0->org.seleniumhq.selenium#selenium-support;2.53.0 [test->master]
[debug] == resolving dependencies default#scalatestforui$sources_2.11;1.0->org.seleniumhq.selenium#selenium-leg-rc;2.53.0 [test->default(compile)]
[debug] == resolving dependencies default#scalatestforui$sources_2.11;1.0->org.seleniumhq.selenium#selenium-leg-rc;2.53.0 [test->runtime]
[debug] == resolving dependencies default#scalatestforui$sources_2.11;1.0->org.seleniumhq.selenium#selenium-leg-rc;2.53.0 [test->compile]
[debug] == resolving dependencies default#scalatestforui$sources_2.11;1.0->org.seleniumhq.selenium#selenium-leg-rc;2.53.0 [test->master]
[debug] == resolving dependencies for default#scalatestforui$sources_2.11;1.0 [optional]
[debug] == resolving dependencies for default#scalatestforui$sources_2.11;1.0 [provided]
[debug] == resolving dependencies default#scalatestforui$sources_2.11;1.0->org.scala-lang#scala-library;2.11.8 [test-internal->default(compile)]
[debug] == resolving dependencies default#scalatestforui$sources_2.11;1.0->org.scala-lang#scala-library;2.11.8 [test-internal->runtime]
[debug] == resolving dependencies default#scalatestforui$sources_2.11;1.0->org.scala-lang#scala-library;2.11.8 [test-internal->compile]
[debug] == resolving dependencies default#scalatestforui$sources_2.11;1.0->org.scala-lang#scala-library;2.11.8 [test-internal->master]
[debug] == resolving dependencies default#scalatestforui$sources_2.11;1.0->org.scalatest#scalatest_2.11;3.0.0 [test-internal->default(compile)]
[debug] == resolving dependencies default#scalatestforui$sources_2.11;1.0->org.scalatest#scalatest_2.11;3.0.0 [test-internal->runtime]
[debug] == resolving dependencies default#scalatestforui$sources_2.11;1.0->org.scalatest#scalatest_2.11;3.0.0 [test-internal->compile]
[debug] == resolving dependencies default#scalatestforui$sources_2.11;1.0->org.scalatest#scalatest_2.11;3.0.0 [test-internal->master]
[debug] == resolving dependencies default#scalatestforui$sources_2.11;1.0->org.scalactic#scalactic_2.11;3.0.0 [test-internal->default(compile)]
[debug] == resolving dependencies default#scalatestforui$sources_2.11;1.0->org.scalactic#scalactic_2.11;3.0.0 [test-internal->runtime]
[debug] == resolving dependencies default#scalatestforui$sources_2.11;1.0->org.scalactic#scalactic_2.11;3.0.0 [test-internal->compile]
[debug] == resolving dependencies default#scalatestforui$sources_2.11;1.0->org.scalactic#scalactic_2.11;3.0.0 [test-internal->master]
[debug] == resolving dependencies default#scalatestforui$sources_2.11;1.0->org.scala-lang#scala-reflect;2.11.8 [test-internal->default(compile)]
[debug] == resolving dependencies default#scalatestforui$sources_2.11;1.0->org.scala-lang#scala-reflect;2.11.8 [test-internal->runtime]
[debug] == resolving dependencies default#scalatestforui$sources_2.11;1.0->org.scala-lang#scala-reflect;2.11.8 [test-internal->compile]
[debug] == resolving dependencies default#scalatestforui$sources_2.11;1.0->org.scala-lang#scala-reflect;2.11.8 [test-internal->master]
[debug] == resolving dependencies default#scalatestforui$sources_2.11;1.0->org.scala-lang.modules#scala-xml_2.11;1.0.5 [test-internal->default(compile)]
[debug] == resolving dependencies default#scalatestforui$sources_2.11;1.0->org.scala-lang.modules#scala-xml_2.11;1.0.5 [test-internal->runtime]
[debug] == resolving dependencies default#scalatestforui$sources_2.11;1.0->org.scala-lang.modules#scala-xml_2.11;1.0.5 [test-internal->compile]
[debug] == resolving dependencies default#scalatestforui$sources_2.11;1.0->org.scala-lang.modules#scala-xml_2.11;1.0.5 [test-internal->master]
[debug] == resolving dependencies default#scalatestforui$sources_2.11;1.0->org.scala-lang.modules#scala-parser-combinators_2.11;1.0.4 [test-internal->default(compile)]
[debug] == resolving dependencies default#scalatestforui$sources_2.11;1.0->org.scala-lang.modules#scala-parser-combinators_2.11;1.0.4 [test-internal->runtime]
[debug] == resolving dependencies default#scalatestforui$sources_2.11;1.0->org.scala-lang.modules#scala-parser-combinators_2.11;1.0.4 [test-internal->compile]
[debug] == resolving dependencies default#scalatestforui$sources_2.11;1.0->org.scala-lang.modules#scala-parser-combinators_2.11;1.0.4 [test-internal->master]
[debug] == resolving dependencies default#scalatestforui$sources_2.11;1.0->org.seleniumhq.selenium#selenium-java;2.53.0 [test-internal->default(compile)]
[debug] == resolving dependencies default#scalatestforui$sources_2.11;1.0->org.seleniumhq.selenium#selenium-java;2.53.0 [test-internal->runtime]
[debug] == resolving dependencies default#scalatestforui$sources_2.11;1.0->org.seleniumhq.selenium#selenium-java;2.53.0 [test-internal->compile]
[debug] == resolving dependencies default#scalatestforui$sources_2.11;1.0->org.seleniumhq.selenium#selenium-java;2.53.0 [test-internal->master]
[debug] == resolving dependencies default#scalatestforui$sources_2.11;1.0->org.seleniumhq.selenium#selenium-chrome-driver;2.53.0 [test-internal->default(compile)]
[debug] == resolving dependencies default#scalatestforui$sources_2.11;1.0->org.seleniumhq.selenium#selenium-chrome-driver;2.53.0 [test-internal->runtime]
[debug] == resolving dependencies default#scalatestforui$sources_2.11;1.0->org.seleniumhq.selenium#selenium-chrome-driver;2.53.0 [test-internal->compile]
[debug] == resolving dependencies default#scalatestforui$sources_2.11;1.0->org.seleniumhq.selenium#selenium-chrome-driver;2.53.0 [test-internal->master]
[debug] == resolving dependencies default#scalatestforui$sources_2.11;1.0->org.seleniumhq.selenium#selenium-remote-driver;2.53.0 [test-internal->default(compile)]
[debug] == resolving dependencies default#scalatestforui$sources_2.11;1.0->org.seleniumhq.selenium#selenium-remote-driver;2.53.0 [test-internal->runtime]
[debug] == resolving dependencies default#scalatestforui$sources_2.11;1.0->org.seleniumhq.selenium#selenium-remote-driver;2.53.0 [test-internal->compile]
[debug] == resolving dependencies default#scalatestforui$sources_2.11;1.0->org.seleniumhq.selenium#selenium-remote-driver;2.53.0 [test-internal->master]
[debug] == resolving dependencies default#scalatestforui$sources_2.11;1.0->cglib#cglib-nodep;2.1_3 [test-internal->default(compile)]
[debug] == resolving dependencies default#scalatestforui$sources_2.11;1.0->cglib#cglib-nodep;2.1_3 [test-internal->runtime]
[debug] == resolving dependencies default#scalatestforui$sources_2.11;1.0->cglib#cglib-nodep;2.1_3 [test-internal->compile]
[debug] == resolving dependencies default#scalatestforui$sources_2.11;1.0->cglib#cglib-nodep;2.1_3 [test-internal->master]
[debug] == resolving dependencies default#scalatestforui$sources_2.11;1.0->com.google.code.gson#gson;2.3.1 [test-internal->default(compile)]
[debug] == resolving dependencies default#scalatestforui$sources_2.11;1.0->com.google.code.gson#gson;2.3.1 [test-internal->runtime]
[debug] == resolving dependencies default#scalatestforui$sources_2.11;1.0->com.google.code.gson#gson;2.3.1 [test-internal->compile]
[debug] == resolving dependencies default#scalatestforui$sources_2.11;1.0->com.google.code.gson#gson;2.3.1 [test-internal->master]
[debug] == resolving dependencies default#scalatestforui$sources_2.11;1.0->org.seleniumhq.selenium#selenium-api;2.53.0 [test-internal->default(compile)]
[debug] == resolving dependencies default#scalatestforui$sources_2.11;1.0->org.seleniumhq.selenium#selenium-api;2.53.0 [test-internal->runtime]
[debug] == resolving dependencies default#scalatestforui$sources_2.11;1.0->org.seleniumhq.selenium#selenium-api;2.53.0 [test-internal->compile]
[debug] == resolving dependencies default#scalatestforui$sources_2.11;1.0->org.seleniumhq.selenium#selenium-api;2.53.0 [test-internal->master]
[debug] == resolving dependencies default#scalatestforui$sources_2.11;1.0->com.google.guava#guava;19.0 [test-internal->default(compile)]
[debug] == resolving dependencies default#scalatestforui$sources_2.11;1.0->com.google.guava#guava;19.0 [test-internal->runtime]
[debug] == resolving dependencies default#scalatestforui$sources_2.11;1.0->com.google.guava#guava;19.0 [test-internal->compile]
[debug] == resolving dependencies default#scalatestforui$sources_2.11;1.0->com.google.guava#guava;19.0 [test-internal->master]
[debug] == resolving dependencies default#scalatestforui$sources_2.11;1.0->org.apache.httpcomponents#httpclient;4.5.1 [test-internal->default(compile)]
[debug] == resolving dependencies default#scalatestforui$sources_2.11;1.0->org.apache.httpcomponents#httpclient;4.5.1 [test-internal->runtime]
[debug] == resolving dependencies default#scalatestforui$sources_2.11;1.0->org.apache.httpcomponents#httpclient;4.5.1 [test-internal->compile]
[debug] == resolving dependencies default#scalatestforui$sources_2.11;1.0->org.apache.httpcomponents#httpclient;4.5.1 [test-internal->master]
[debug] == resolving dependencies default#scalatestforui$sources_2.11;1.0->org.apache.httpcomponents#httpcore;4.4.3 [test-internal->default(compile)]
[debug] == resolving dependencies default#scalatestforui$sources_2.11;1.0->org.apache.httpcomponents#httpcore;4.4.3 [test-internal->runtime]
[debug] == resolving dependencies default#scalatestforui$sources_2.11;1.0->org.apache.httpcomponents#httpcore;4.4.3 [test-internal->compile]
[debug] == resolving dependencies default#scalatestforui$sources_2.11;1.0->org.apache.httpcomponents#httpcore;4.4.3 [test-internal->master]
[debug] == resolving dependencies default#scalatestforui$sources_2.11;1.0->commons-logging#commons-logging;1.2 [test-internal->default(compile)]
[debug] == resolving dependencies default#scalatestforui$sources_2.11;1.0->commons-logging#commons-logging;1.2 [test-internal->runtime]
[debug] == resolving dependencies default#scalatestforui$sources_2.11;1.0->commons-logging#commons-logging;1.2 [test-internal->compile]
[debug] == resolving dependencies default#scalatestforui$sources_2.11;1.0->commons-logging#commons-logging;1.2 [test-internal->master]
[debug] == resolving dependencies default#scalatestforui$sources_2.11;1.0->commons-codec#commons-codec;1.10 [test-internal->default(compile)]
[debug] == resolving dependencies default#scalatestforui$sources_2.11;1.0->commons-codec#commons-codec;1.10 [test-internal->runtime]
[debug] == resolving dependencies default#scalatestforui$sources_2.11;1.0->commons-codec#commons-codec;1.10 [test-internal->compile]
[debug] == resolving dependencies default#scalatestforui$sources_2.11;1.0->commons-codec#commons-codec;1.10 [test-internal->master]
[debug] == resolving dependencies default#scalatestforui$sources_2.11;1.0->org.apache.commons#commons-exec;1.3 [test-internal->default(compile)]
[debug] == resolving dependencies default#scalatestforui$sources_2.11;1.0->org.apache.commons#commons-exec;1.3 [test-internal->runtime]
[debug] == resolving dependencies default#scalatestforui$sources_2.11;1.0->org.apache.commons#commons-exec;1.3 [test-internal->compile]
[debug] == resolving dependencies default#scalatestforui$sources_2.11;1.0->org.apache.commons#commons-exec;1.3 [test-internal->master]
[debug] == resolving dependencies default#scalatestforui$sources_2.11;1.0->net.java.dev.jna#jna;4.1.0 [test-internal->default(compile)]
[debug] == resolving dependencies default#scalatestforui$sources_2.11;1.0->net.java.dev.jna#jna;4.1.0 [test-internal->runtime]
[debug] == resolving dependencies default#scalatestforui$sources_2.11;1.0->net.java.dev.jna#jna;4.1.0 [test-internal->compile]
[debug] == resolving dependencies default#scalatestforui$sources_2.11;1.0->net.java.dev.jna#jna;4.1.0 [test-internal->master]
[debug] == resolving dependencies default#scalatestforui$sources_2.11;1.0->net.java.dev.jna#jna-platform;4.1.0 [test-internal->default(compile)]
[debug] == resolving dependencies default#scalatestforui$sources_2.11;1.0->net.java.dev.jna#jna-platform;4.1.0 [test-internal->runtime]
[debug] == resolving dependencies default#scalatestforui$sources_2.11;1.0->net.java.dev.jna#jna-platform;4.1.0 [test-internal->compile]
[debug] == resolving dependencies default#scalatestforui$sources_2.11;1.0->net.java.dev.jna#jna-platform;4.1.0 [test-internal->master]
[debug] == resolving dependencies default#scalatestforui$sources_2.11;1.0->org.seleniumhq.selenium#selenium-edge-driver;2.53.0 [test-internal->default(compile)]
[debug] == resolving dependencies default#scalatestforui$sources_2.11;1.0->org.seleniumhq.selenium#selenium-edge-driver;2.53.0 [test-internal->runtime]
[debug] == resolving dependencies default#scalatestforui$sources_2.11;1.0->org.seleniumhq.selenium#selenium-edge-driver;2.53.0 [test-internal->compile]
[debug] == resolving dependencies default#scalatestforui$sources_2.11;1.0->org.seleniumhq.selenium#selenium-edge-driver;2.53.0 [test-internal->master]
[debug] == resolving dependencies default#scalatestforui$sources_2.11;1.0->commons-io#commons-io;2.4 [test-internal->default(compile)]
[debug] == resolving dependencies default#scalatestforui$sources_2.11;1.0->commons-io#commons-io;2.4 [test-internal->runtime]
[debug] == resolving dependencies default#scalatestforui$sources_2.11;1.0->commons-io#commons-io;2.4 [test-internal->compile]
[debug] == resolving dependencies default#scalatestforui$sources_2.11;1.0->commons-io#commons-io;2.4 [test-internal->master]
[debug] == resolving dependencies default#scalatestforui$sources_2.11;1.0->org.seleniumhq.selenium#selenium-firefox-driver;2.53.0 [test-internal->default(compile)]
[debug] == resolving dependencies default#scalatestforui$sources_2.11;1.0->org.seleniumhq.selenium#selenium-firefox-driver;2.53.0 [test-internal->runtime]
[debug] == resolving dependencies default#scalatestforui$sources_2.11;1.0->org.seleniumhq.selenium#selenium-firefox-driver;2.53.0 [test-internal->compile]
[debug] == resolving dependencies default#scalatestforui$sources_2.11;1.0->org.seleniumhq.selenium#selenium-firefox-driver;2.53.0 [test-internal->master]
[debug] == resolving dependencies default#scalatestforui$sources_2.11;1.0->org.seleniumhq.selenium#selenium-ie-driver;2.53.0 [test-internal->default(compile)]
[debug] == resolving dependencies default#scalatestforui$sources_2.11;1.0->org.seleniumhq.selenium#selenium-ie-driver;2.53.0 [test-internal->runtime]
[debug] == resolving dependencies default#scalatestforui$sources_2.11;1.0->org.seleniumhq.selenium#selenium-ie-driver;2.53.0 [test-internal->compile]
[debug] == resolving dependencies default#scalatestforui$sources_2.11;1.0->org.seleniumhq.selenium#selenium-ie-driver;2.53.0 [test-internal->master]
[debug] == resolving dependencies default#scalatestforui$sources_2.11;1.0->org.seleniumhq.selenium#selenium-safari-driver;2.53.0 [test-internal->default(compile)]
[debug] == resolving dependencies default#scalatestforui$sources_2.11;1.0->org.seleniumhq.selenium#selenium-safari-driver;2.53.0 [test-internal->runtime]
[debug] == resolving dependencies default#scalatestforui$sources_2.11;1.0->org.seleniumhq.selenium#selenium-safari-driver;2.53.0 [test-internal->compile]
[debug] == resolving dependencies default#scalatestforui$sources_2.11;1.0->org.seleniumhq.selenium#selenium-safari-driver;2.53.0 [test-internal->master]
[debug] == resolving dependencies default#scalatestforui$sources_2.11;1.0->io.netty#netty;3.5.7.Final [test-internal->default(compile)]
[debug] == resolving dependencies default#scalatestforui$sources_2.11;1.0->io.netty#netty;3.5.7.Final [test-internal->runtime]
[debug] == resolving dependencies default#scalatestforui$sources_2.11;1.0->io.netty#netty;3.5.7.Final [test-internal->compile]
[debug] == resolving dependencies default#scalatestforui$sources_2.11;1.0->io.netty#netty;3.5.7.Final [test-internal->master]
[debug] == resolving dependencies default#scalatestforui$sources_2.11;1.0->org.seleniumhq.selenium#selenium-support;2.53.0 [test-internal->default(compile)]
[debug] == resolving dependencies default#scalatestforui$sources_2.11;1.0->org.seleniumhq.selenium#selenium-support;2.53.0 [test-internal->runtime]
[debug] == resolving dependencies default#scalatestforui$sources_2.11;1.0->org.seleniumhq.selenium#selenium-support;2.53.0 [test-internal->compile]
[debug] == resolving dependencies default#scalatestforui$sources_2.11;1.0->org.seleniumhq.selenium#selenium-support;2.53.0 [test-internal->master]
[debug] == resolving dependencies default#scalatestforui$sources_2.11;1.0->org.seleniumhq.selenium#selenium-leg-rc;2.53.0 [test-internal->default(compile)]
[debug] == resolving dependencies default#scalatestforui$sources_2.11;1.0->org.seleniumhq.selenium#selenium-leg-rc;2.53.0 [test-internal->runtime]
[debug] == resolving dependencies default#scalatestforui$sources_2.11;1.0->org.seleniumhq.selenium#selenium-leg-rc;2.53.0 [test-internal->compile]
[debug] == resolving dependencies default#scalatestforui$sources_2.11;1.0->org.seleniumhq.selenium#selenium-leg-rc;2.53.0 [test-internal->master]
[debug] resolving dependencies for configuration 'plugin'
[debug] == resolving dependencies for default#scalatestforui$sources_2.11;1.0 [plugin]
[debug] resolving dependencies for configuration 'sources'
[debug] == resolving dependencies for default#scalatestforui$sources_2.11;1.0 [sources]
[debug] resolving dependencies for configuration 'docs'
[debug] == resolving dependencies for default#scalatestforui$sources_2.11;1.0 [docs]
[debug] resolving dependencies for configuration 'pom'
[debug] == resolving dependencies for default#scalatestforui$sources_2.11;1.0 [pom]
[debug] resolving dependencies for configuration 'scala-tool'
[debug] == resolving dependencies for default#scalatestforui$sources_2.11;1.0 [scala-tool]
[debug] == resolving dependencies default#scalatestforui$sources_2.11;1.0->org.scala-lang#scala-library;2.11.8 [scala-tool->default(compile)]
[debug] == resolving dependencies default#scalatestforui$sources_2.11;1.0->org.scala-lang#scala-library;2.11.8 [scala-tool->runtime]
[debug] == resolving dependencies default#scalatestforui$sources_2.11;1.0->org.scala-lang#scala-library;2.11.8 [scala-tool->compile]
[debug] == resolving dependencies default#scalatestforui$sources_2.11;1.0->org.scala-lang#scala-library;2.11.8 [scala-tool->master]
[debug] == resolving dependencies default#scalatestforui$sources_2.11;1.0->org.scala-lang#scala-reflect;2.11.8 [scala-tool->default(compile)]
[debug] == resolving dependencies default#scalatestforui$sources_2.11;1.0->org.scala-lang#scala-reflect;2.11.8 [scala-tool->runtime]
[debug] == resolving dependencies default#scalatestforui$sources_2.11;1.0->org.scala-lang#scala-reflect;2.11.8 [scala-tool->compile]
[debug] == resolving dependencies default#scalatestforui$sources_2.11;1.0->org.scala-lang#scala-reflect;2.11.8 [scala-tool->master]
[debug] == resolving dependencies default#scalatestforui$sources_2.11;1.0->org.scala-lang.modules#scala-parser-combinators_2.11;1.0.4 [scala-tool->default(compile)]
[debug] == resolving dependencies default#scalatestforui$sources_2.11;1.0->org.scala-lang.modules#scala-parser-combinators_2.11;1.0.4 [scala-tool->runtime]
[debug] == resolving dependencies default#scalatestforui$sources_2.11;1.0->org.scala-lang.modules#scala-parser-combinators_2.11;1.0.4 [scala-tool->compile]
[debug] == resolving dependencies default#scalatestforui$sources_2.11;1.0->org.scala-lang.modules#scala-parser-combinators_2.11;1.0.4 [scala-tool->master]
[debug] == resolving dependencies default#scalatestforui$sources_2.11;1.0->org.scala-lang#scala-compiler;2.11.8 [scala-tool->default(compile)]
[info] Resolving org.scala-lang#scala-compiler;2.11.8 ...
[debug] sbt-chain: Checking cache for: dependency: org.scala-lang#scala-compiler;2.11.8 {scala-tool=[default(compile)]}
[debug] sbt-chain: module revision found in cache: org.scala-lang#scala-compiler;2.11.8
[debug] 	found org.scala-lang#scala-compiler;2.11.8 in sbt-chain
[debug] == resolving dependencies default#scalatestforui$sources_2.11;1.0->org.scala-lang#scala-compiler;2.11.8 [scala-tool->runtime]
[debug] == resolving dependencies default#scalatestforui$sources_2.11;1.0->org.scala-lang#scala-compiler;2.11.8 [scala-tool->compile]
[debug] == resolving dependencies default#scalatestforui$sources_2.11;1.0->org.scala-lang#scala-compiler;2.11.8 [scala-tool->master]
[debug] == resolving dependencies default#scalatestforui$sources_2.11;1.0->org.scala-lang.modules#scala-xml_2.11;1.0.4 [scala-tool->default(compile)]
[info] Resolving org.scala-lang.modules#scala-xml_2.11;1.0.4 ...
[debug] sbt-chain: Checking cache for: dependency: org.scala-lang.modules#scala-xml_2.11;1.0.4 {scala-tool=[default(compile)]}
[debug] sbt-chain: module revision found in cache: org.scala-lang.modules#scala-xml_2.11;1.0.4
[debug] 	found org.scala-lang.modules#scala-xml_2.11;1.0.4 in sbt-chain
[debug] == resolving dependencies default#scalatestforui$sources_2.11;1.0->org.scala-lang.modules#scala-xml_2.11;1.0.4 [scala-tool->runtime]
[debug] == resolving dependencies default#scalatestforui$sources_2.11;1.0->org.scala-lang.modules#scala-xml_2.11;1.0.4 [scala-tool->compile]
[debug] == resolving dependencies default#scalatestforui$sources_2.11;1.0->org.scala-lang.modules#scala-xml_2.11;1.0.4 [scala-tool->master]
[debug] == resolving dependencies default#scalatestforui$sources_2.11;1.0->jline#jline;2.12.1 [scala-tool->default(compile)]
[info] Resolving jline#jline;2.12.1 ...
[debug] sbt-chain: Checking cache for: dependency: jline#jline;2.12.1 {scala-tool=[default(compile)]}
[debug] sbt-chain: module revision found in cache: jline#jline;2.12.1
[debug] 	found jline#jline;2.12.1 in sbt-chain
[debug] == resolving dependencies default#scalatestforui$sources_2.11;1.0->jline#jline;2.12.1 [scala-tool->runtime]
[debug] == resolving dependencies default#scalatestforui$sources_2.11;1.0->jline#jline;2.12.1 [scala-tool->compile]
[debug] == resolving dependencies default#scalatestforui$sources_2.11;1.0->jline#jline;2.12.1 [scala-tool->master]
[debug] 	resolved ivy file produced in cache
[debug] :: downloading artifacts ::
[debug] 	[NOT REQUIRED] org.scala-lang#scala-library;2.11.8!scala-library.jar(src)
[debug] 	[NOT REQUIRED] org.scala-lang#scala-library;2.11.8!scala-library.jar
[debug] 		tried /Users/rambighananthan/.ivy2/local/org.scalatest/scalatest_2.11/3.0.0/jars/scalatest_2.11.jar
[debug] 		tried /Users/rambighananthan/.ivy2/local/org.scalatest/scalatest_2.11/3.0.0/srcs/scalatest_2.11-sources.jar
[debug] 		tried https://jcenter.bintray.com/org/scalatest/scalatest_2.11/3.0.0/scalatest_2.11-3.0.0.jar
[info] downloading https://jcenter.bintray.com/org/scalatest/scalatest_2.11/3.0.0/scalatest_2.11-3.0.0.jar ...
[debug] 	jcenter: downloading https://jcenter.bintray.com/org/scalatest/scalatest_2.11/3.0.0/scalatest_2.11-3.0.0.jar
[debug] 	jcenter: downloading https://jcenter.bintray.com/org/scalatest/scalatest_2.11/3.0.0/scalatest_2.11-3.0.0.jar.sha1
[debug] sha1 OK for https://jcenter.bintray.com/org/scalatest/scalatest_2.11/3.0.0/scalatest_2.11-3.0.0.jar
[info] 	[SUCCESSFUL ] org.scalatest#scalatest_2.11;3.0.0!scalatest_2.11.jar (7531ms)
[debug] 		tried https://jcenter.bintray.com/org/scalatest/scalatest_2.11/3.0.0/scalatest_2.11-3.0.0-sources.jar
[info] downloading https://jcenter.bintray.com/org/scalatest/scalatest_2.11/3.0.0/scalatest_2.11-3.0.0-sources.jar ...
[debug] 	jcenter: downloading https://jcenter.bintray.com/org/scalatest/scalatest_2.11/3.0.0/scalatest_2.11-3.0.0-sources.jar
[debug] 	jcenter: downloading https://jcenter.bintray.com/org/scalatest/scalatest_2.11/3.0.0/scalatest_2.11-3.0.0-sources.jar.sha1
[debug] sha1 OK for https://jcenter.bintray.com/org/scalatest/scalatest_2.11/3.0.0/scalatest_2.11-3.0.0-sources.jar
[info] 	[SUCCESSFUL ] org.scalatest#scalatest_2.11;3.0.0!scalatest_2.11.jar(src) (2091ms)
[debug] 		tried /Users/rambighananthan/.ivy2/local/org.scalactic/scalactic_2.11/3.0.0/jars/scalactic_2.11.jar
[debug] 		tried /Users/rambighananthan/.ivy2/local/org.scalactic/scalactic_2.11/3.0.0/srcs/scalactic_2.11-sources.jar
[debug] 		tried https://jcenter.bintray.com/org/scalactic/scalactic_2.11/3.0.0/scalactic_2.11-3.0.0.jar
[info] downloading https://jcenter.bintray.com/org/scalactic/scalactic_2.11/3.0.0/scalactic_2.11-3.0.0.jar ...
[debug] 	jcenter: downloading https://jcenter.bintray.com/org/scalactic/scalactic_2.11/3.0.0/scalactic_2.11-3.0.0.jar
[debug] 	jcenter: downloading https://jcenter.bintray.com/org/scalactic/scalactic_2.11/3.0.0/scalactic_2.11-3.0.0.jar.sha1
[debug] sha1 OK for https://jcenter.bintray.com/org/scalactic/scalactic_2.11/3.0.0/scalactic_2.11-3.0.0.jar
[info] 	[SUCCESSFUL ] org.scalactic#scalactic_2.11;3.0.0!scalactic_2.11.jar (1846ms)
[debug] 		tried https://jcenter.bintray.com/org/scalactic/scalactic_2.11/3.0.0/scalactic_2.11-3.0.0-sources.jar
[info] downloading https://jcenter.bintray.com/org/scalactic/scalactic_2.11/3.0.0/scalactic_2.11-3.0.0-sources.jar ...
[debug] 	jcenter: downloading https://jcenter.bintray.com/org/scalactic/scalactic_2.11/3.0.0/scalactic_2.11-3.0.0-sources.jar
[debug] 	jcenter: downloading https://jcenter.bintray.com/org/scalactic/scalactic_2.11/3.0.0/scalactic_2.11-3.0.0-sources.jar.sha1
[debug] sha1 OK for https://jcenter.bintray.com/org/scalactic/scalactic_2.11/3.0.0/scalactic_2.11-3.0.0-sources.jar
[info] 	[SUCCESSFUL ] org.scalactic#scalactic_2.11;3.0.0!scalactic_2.11.jar(src) (2354ms)
[debug] 	[NOT REQUIRED] org.scala-lang#scala-reflect;2.11.8!scala-reflect.jar(src)
[debug] 	[NOT REQUIRED] org.scala-lang#scala-reflect;2.11.8!scala-reflect.jar
[debug] 		tried /Users/rambighananthan/.ivy2/local/org.scala-lang.modules/scala-xml_2.11/1.0.5/jars/scala-xml_2.11.jar
[debug] 		tried /Users/rambighananthan/.ivy2/local/org.scala-lang.modules/scala-xml_2.11/1.0.5/srcs/scala-xml_2.11-sources.jar
[debug] 		tried https://jcenter.bintray.com/org/scala-lang/modules/scala-xml_2.11/1.0.5/scala-xml_2.11-1.0.5.jar
[info] downloading https://jcenter.bintray.com/org/scala-lang/modules/scala-xml_2.11/1.0.5/scala-xml_2.11-1.0.5.jar ...
[debug] 	jcenter: downloading https://jcenter.bintray.com/org/scala-lang/modules/scala-xml_2.11/1.0.5/scala-xml_2.11-1.0.5.jar
[debug] 	jcenter: downloading https://jcenter.bintray.com/org/scala-lang/modules/scala-xml_2.11/1.0.5/scala-xml_2.11-1.0.5.jar.sha1
[debug] sha1 OK for https://jcenter.bintray.com/org/scala-lang/modules/scala-xml_2.11/1.0.5/scala-xml_2.11-1.0.5.jar
[info] 	[SUCCESSFUL ] org.scala-lang.modules#scala-xml_2.11;1.0.5!scala-xml_2.11.jar (1289ms)
[debug] 		tried https://jcenter.bintray.com/org/scala-lang/modules/scala-xml_2.11/1.0.5/scala-xml_2.11-1.0.5-sources.jar
[info] downloading https://jcenter.bintray.com/org/scala-lang/modules/scala-xml_2.11/1.0.5/scala-xml_2.11-1.0.5-sources.jar ...
[debug] 	jcenter: downloading https://jcenter.bintray.com/org/scala-lang/modules/scala-xml_2.11/1.0.5/scala-xml_2.11-1.0.5-sources.jar
[debug] 	jcenter: downloading https://jcenter.bintray.com/org/scala-lang/modules/scala-xml_2.11/1.0.5/scala-xml_2.11-1.0.5-sources.jar.sha1
[debug] sha1 OK for https://jcenter.bintray.com/org/scala-lang/modules/scala-xml_2.11/1.0.5/scala-xml_2.11-1.0.5-sources.jar
[info] 	[SUCCESSFUL ] org.scala-lang.modules#scala-xml_2.11;1.0.5!scala-xml_2.11.jar(src) (1542ms)
[debug] 		tried /Users/rambighananthan/.ivy2/local/org.scala-lang.modules/scala-parser-combinators_2.11/1.0.4/jars/scala-parser-combinators_2.11.jar
[debug] 	[NOT REQUIRED] org.scala-lang.modules#scala-parser-combinators_2.11;1.0.4!scala-parser-combinators_2.11.jar(src)
[debug] 		tried https://jcenter.bintray.com/org/scala-lang/modules/scala-parser-combinators_2.11/1.0.4/scala-parser-combinators_2.11-1.0.4.jar
[info] downloading https://jcenter.bintray.com/org/scala-lang/modules/scala-parser-combinators_2.11/1.0.4/scala-parser-combinators_2.11-1.0.4.jar ...
[debug] 	jcenter: downloading https://jcenter.bintray.com/org/scala-lang/modules/scala-parser-combinators_2.11/1.0.4/scala-parser-combinators_2.11-1.0.4.jar
[debug] 	jcenter: downloading https://jcenter.bintray.com/org/scala-lang/modules/scala-parser-combinators_2.11/1.0.4/scala-parser-combinators_2.11-1.0.4.jar.sha1
[debug] sha1 OK for https://jcenter.bintray.com/org/scala-lang/modules/scala-parser-combinators_2.11/1.0.4/scala-parser-combinators_2.11-1.0.4.jar
[info] 	[SUCCESSFUL ] org.scala-lang.modules#scala-parser-combinators_2.11;1.0.4!scala-parser-combinators_2.11.jar (1345ms)
[debug] 		tried /Users/rambighananthan/.ivy2/local/org.seleniumhq.selenium/selenium-java/2.53.0/srcs/selenium-java-sources.jar
[debug] 	[NOT REQUIRED] org.seleniumhq.selenium#selenium-java;2.53.0!selenium-java.jar
[debug] 		tried https://jcenter.bintray.com/org/seleniumhq/selenium/selenium-java/2.53.0/selenium-java-2.53.0-sources.jar
[debug] CLIENT ERROR: Not Found url=https://jcenter.bintray.com/org/seleniumhq/selenium/selenium-java/2.53.0/selenium-java-2.53.0-sources.jar
[debug] 		tried https://repo1.maven.org/maven2/org/seleniumhq/selenium/selenium-java/2.53.0/selenium-java-2.53.0-sources.jar
[debug] CLIENT ERROR: Not Found url=https://repo1.maven.org/maven2/org/seleniumhq/selenium/selenium-java/2.53.0/selenium-java-2.53.0-sources.jar
[warn] 	[FAILED     ] org.seleniumhq.selenium#selenium-java;2.53.0!selenium-java.jar(src):  (0ms)
[warn] ==== local: tried
[warn]   /Users/rambighananthan/.ivy2/local/org.seleniumhq.selenium/selenium-java/2.53.0/srcs/selenium-java-sources.jar
[warn] ==== jcenter: tried
[warn]   https://jcenter.bintray.com/org/seleniumhq/selenium/selenium-java/2.53.0/selenium-java-2.53.0-sources.jar
[warn] ==== public: tried
[warn]   https://repo1.maven.org/maven2/org/seleniumhq/selenium/selenium-java/2.53.0/selenium-java-2.53.0-sources.jar
[debug] 	[NOT REQUIRED] org.seleniumhq.selenium#selenium-chrome-driver;2.53.0!selenium-chrome-driver.jar
[debug] 		tried /Users/rambighananthan/.ivy2/local/org.seleniumhq.selenium/selenium-chrome-driver/2.53.0/srcs/selenium-chrome-driver-sources.jar
[debug] 		tried https://jcenter.bintray.com/org/seleniumhq/selenium/selenium-chrome-driver/2.53.0/selenium-chrome-driver-2.53.0-sources.jar
[info] downloading https://jcenter.bintray.com/org/seleniumhq/selenium/selenium-chrome-driver/2.53.0/selenium-chrome-driver-2.53.0-sources.jar ...
[debug] 	jcenter: downloading https://jcenter.bintray.com/org/seleniumhq/selenium/selenium-chrome-driver/2.53.0/selenium-chrome-driver-2.53.0-sources.jar
[debug] 	jcenter: downloading https://jcenter.bintray.com/org/seleniumhq/selenium/selenium-chrome-driver/2.53.0/selenium-chrome-driver-2.53.0-sources.jar.sha1
[debug] sha1 OK for https://jcenter.bintray.com/org/seleniumhq/selenium/selenium-chrome-driver/2.53.0/selenium-chrome-driver-2.53.0-sources.jar
[info] 	[SUCCESSFUL ] org.seleniumhq.selenium#selenium-chrome-driver;2.53.0!selenium-chrome-driver.jar(src) (1123ms)
[debug] 	[NOT REQUIRED] org.seleniumhq.selenium#selenium-remote-driver;2.53.0!selenium-remote-driver.jar
[debug] 		tried /Users/rambighananthan/.ivy2/local/org.seleniumhq.selenium/selenium-remote-driver/2.53.0/srcs/selenium-remote-driver-sources.jar
[debug] 		tried https://jcenter.bintray.com/org/seleniumhq/selenium/selenium-remote-driver/2.53.0/selenium-remote-driver-2.53.0-sources.jar
[info] downloading https://jcenter.bintray.com/org/seleniumhq/selenium/selenium-remote-driver/2.53.0/selenium-remote-driver-2.53.0-sources.jar ...
[debug] 	jcenter: downloading https://jcenter.bintray.com/org/seleniumhq/selenium/selenium-remote-driver/2.53.0/selenium-remote-driver-2.53.0-sources.jar
[debug] 	jcenter: downloading https://jcenter.bintray.com/org/seleniumhq/selenium/selenium-remote-driver/2.53.0/selenium-remote-driver-2.53.0-sources.jar.sha1
[debug] sha1 OK for https://jcenter.bintray.com/org/seleniumhq/selenium/selenium-remote-driver/2.53.0/selenium-remote-driver-2.53.0-sources.jar
[info] 	[SUCCESSFUL ] org.seleniumhq.selenium#selenium-remote-driver;2.53.0!selenium-remote-driver.jar(src) (1757ms)
[debug] 		tried /Users/rambighananthan/.ivy2/local/cglib/cglib-nodep/2.1_3/srcs/cglib-nodep-sources.jar
[debug] 	[NOT REQUIRED] cglib#cglib-nodep;2.1_3!cglib-nodep.jar
[debug] 		tried https://jcenter.bintray.com/cglib/cglib-nodep/2.1_3/cglib-nodep-2.1_3-sources.jar
[info] downloading https://jcenter.bintray.com/cglib/cglib-nodep/2.1_3/cglib-nodep-2.1_3-sources.jar ...
[debug] 	jcenter: downloading https://jcenter.bintray.com/cglib/cglib-nodep/2.1_3/cglib-nodep-2.1_3-sources.jar
[debug] 	jcenter: downloading https://jcenter.bintray.com/cglib/cglib-nodep/2.1_3/cglib-nodep-2.1_3-sources.jar.sha1
[debug] sha1 OK for https://jcenter.bintray.com/cglib/cglib-nodep/2.1_3/cglib-nodep-2.1_3-sources.jar
[info] 	[SUCCESSFUL ] cglib#cglib-nodep;2.1_3!cglib-nodep.jar(src) (1461ms)
[debug] 		tried /Users/rambighananthan/.ivy2/local/com.google.code.gson/gson/2.3.1/srcs/gson-sources.jar
[debug] 	[NOT REQUIRED] com.google.code.gson#gson;2.3.1!gson.jar
[debug] 		tried https://jcenter.bintray.com/com/google/code/gson/gson/2.3.1/gson-2.3.1-sources.jar
[info] downloading https://jcenter.bintray.com/com/google/code/gson/gson/2.3.1/gson-2.3.1-sources.jar ...
[debug] 	jcenter: downloading https://jcenter.bintray.com/com/google/code/gson/gson/2.3.1/gson-2.3.1-sources.jar
[debug] 	jcenter: downloading https://jcenter.bintray.com/com/google/code/gson/gson/2.3.1/gson-2.3.1-sources.jar.sha1
[debug] sha1 OK for https://jcenter.bintray.com/com/google/code/gson/gson/2.3.1/gson-2.3.1-sources.jar
[info] 	[SUCCESSFUL ] com.google.code.gson#gson;2.3.1!gson.jar(src) (1094ms)
[debug] 	[NOT REQUIRED] org.seleniumhq.selenium#selenium-api;2.53.0!selenium-api.jar
[debug] 		tried /Users/rambighananthan/.ivy2/local/org.seleniumhq.selenium/selenium-api/2.53.0/srcs/selenium-api-sources.jar
[debug] 		tried https://jcenter.bintray.com/org/seleniumhq/selenium/selenium-api/2.53.0/selenium-api-2.53.0-sources.jar
[info] downloading https://jcenter.bintray.com/org/seleniumhq/selenium/selenium-api/2.53.0/selenium-api-2.53.0-sources.jar ...
[debug] 	jcenter: downloading https://jcenter.bintray.com/org/seleniumhq/selenium/selenium-api/2.53.0/selenium-api-2.53.0-sources.jar
[debug] 	jcenter: downloading https://jcenter.bintray.com/org/seleniumhq/selenium/selenium-api/2.53.0/selenium-api-2.53.0-sources.jar.sha1
[debug] sha1 OK for https://jcenter.bintray.com/org/seleniumhq/selenium/selenium-api/2.53.0/selenium-api-2.53.0-sources.jar
[info] 	[SUCCESSFUL ] org.seleniumhq.selenium#selenium-api;2.53.0!selenium-api.jar(src) (926ms)
[debug] 		tried /Users/rambighananthan/.ivy2/local/com.google.guava/guava/19.0/srcs/guava-sources.jar
[debug] 		tried /Users/rambighananthan/.ivy2/local/com.google.guava/guava/19.0/jars/guava.jar
[debug] 		tried https://jcenter.bintray.com/com/google/guava/guava/19.0/guava-19.0-sources.jar
[info] downloading https://jcenter.bintray.com/com/google/guava/guava/19.0/guava-19.0-sources.jar ...
[debug] 	jcenter: downloading https://jcenter.bintray.com/com/google/guava/guava/19.0/guava-19.0-sources.jar
[debug] 	jcenter: downloading https://jcenter.bintray.com/com/google/guava/guava/19.0/guava-19.0-sources.jar.sha1
[debug] sha1 OK for https://jcenter.bintray.com/com/google/guava/guava/19.0/guava-19.0-sources.jar
[info] 	[SUCCESSFUL ] com.google.guava#guava;19.0!guava.jar(src) (2374ms)
[debug] 		tried https://jcenter.bintray.com/com/google/guava/guava/19.0/guava-19.0.jar
[info] downloading https://jcenter.bintray.com/com/google/guava/guava/19.0/guava-19.0.jar ...
[debug] 	jcenter: downloading https://jcenter.bintray.com/com/google/guava/guava/19.0/guava-19.0.jar
[debug] 	jcenter: downloading https://jcenter.bintray.com/com/google/guava/guava/19.0/guava-19.0.jar.sha1
[debug] sha1 OK for https://jcenter.bintray.com/com/google/guava/guava/19.0/guava-19.0.jar
[info] 	[SUCCESSFUL ] com.google.guava#guava;19.0!guava.jar (1820ms)
[debug] 		tried /Users/rambighananthan/.ivy2/local/org.apache.httpcomponents/httpclient/4.5.1/srcs/httpclient-sources.jar
[debug] 	[NOT REQUIRED] org.apache.httpcomponents#httpclient;4.5.1!httpclient.jar
[debug] 		tried https://jcenter.bintray.com/org/apache/httpcomponents/httpclient/4.5.1/httpclient-4.5.1-sources.jar
[info] downloading https://jcenter.bintray.com/org/apache/httpcomponents/httpclient/4.5.1/httpclient-4.5.1-sources.jar ...
[debug] 	jcenter: downloading https://jcenter.bintray.com/org/apache/httpcomponents/httpclient/4.5.1/httpclient-4.5.1-sources.jar
[debug] 	jcenter: downloading https://jcenter.bintray.com/org/apache/httpcomponents/httpclient/4.5.1/httpclient-4.5.1-sources.jar.sha1
[debug] sha1 OK for https://jcenter.bintray.com/org/apache/httpcomponents/httpclient/4.5.1/httpclient-4.5.1-sources.jar
[info] 	[SUCCESSFUL ] org.apache.httpcomponents#httpclient;4.5.1!httpclient.jar(src) (1325ms)
[debug] 		tried /Users/rambighananthan/.ivy2/local/org.apache.httpcomponents/httpcore/4.4.3/srcs/httpcore-sources.jar
[debug] 	[NOT REQUIRED] org.apache.httpcomponents#httpcore;4.4.3!httpcore.jar
[debug] 		tried https://jcenter.bintray.com/org/apache/httpcomponents/httpcore/4.4.3/httpcore-4.4.3-sources.jar
[info] downloading https://jcenter.bintray.com/org/apache/httpcomponents/httpcore/4.4.3/httpcore-4.4.3-sources.jar ...
[debug] 	jcenter: downloading https://jcenter.bintray.com/org/apache/httpcomponents/httpcore/4.4.3/httpcore-4.4.3-sources.jar
[debug] 	jcenter: downloading https://jcenter.bintray.com/org/apache/httpcomponents/httpcore/4.4.3/httpcore-4.4.3-sources.jar.sha1
[debug] sha1 OK for https://jcenter.bintray.com/org/apache/httpcomponents/httpcore/4.4.3/httpcore-4.4.3-sources.jar
[info] 	[SUCCESSFUL ] org.apache.httpcomponents#httpcore;4.4.3!httpcore.jar(src) (1337ms)
[debug] 		tried /Users/rambighananthan/.ivy2/local/commons-logging/commons-logging/1.2/srcs/commons-logging-sources.jar
[debug] 	[NOT REQUIRED] commons-logging#commons-logging;1.2!commons-logging.jar
[debug] 		tried https://jcenter.bintray.com/commons-logging/commons-logging/1.2/commons-logging-1.2-sources.jar
[info] downloading https://jcenter.bintray.com/commons-logging/commons-logging/1.2/commons-logging-1.2-sources.jar ...
[debug] 	jcenter: downloading https://jcenter.bintray.com/commons-logging/commons-logging/1.2/commons-logging-1.2-sources.jar
[debug] 	jcenter: downloading https://jcenter.bintray.com/commons-logging/commons-logging/1.2/commons-logging-1.2-sources.jar.sha1
[debug] sha1 OK for https://jcenter.bintray.com/commons-logging/commons-logging/1.2/commons-logging-1.2-sources.jar
[info] 	[SUCCESSFUL ] commons-logging#commons-logging;1.2!commons-logging.jar(src) (1125ms)
[debug] 	[NOT REQUIRED] commons-codec#commons-codec;1.10!commons-codec.jar
[debug] 		tried /Users/rambighananthan/.ivy2/local/commons-codec/commons-codec/1.10/srcs/commons-codec-sources.jar
[debug] 		tried https://jcenter.bintray.com/commons-codec/commons-codec/1.10/commons-codec-1.10-sources.jar
[info] downloading https://jcenter.bintray.com/commons-codec/commons-codec/1.10/commons-codec-1.10-sources.jar ...
[debug] 	jcenter: downloading https://jcenter.bintray.com/commons-codec/commons-codec/1.10/commons-codec-1.10-sources.jar
[debug] 	jcenter: downloading https://jcenter.bintray.com/commons-codec/commons-codec/1.10/commons-codec-1.10-sources.jar.sha1
[debug] sha1 OK for https://jcenter.bintray.com/commons-codec/commons-codec/1.10/commons-codec-1.10-sources.jar
[info] 	[SUCCESSFUL ] commons-codec#commons-codec;1.10!commons-codec.jar(src) (1245ms)
[debug] 		tried /Users/rambighananthan/.ivy2/local/org.apache.commons/commons-exec/1.3/srcs/commons-exec-sources.jar
[debug] 	[NOT REQUIRED] org.apache.commons#commons-exec;1.3!commons-exec.jar
[debug] 		tried https://jcenter.bintray.com/org/apache/commons/commons-exec/1.3/commons-exec-1.3-sources.jar
[info] downloading https://jcenter.bintray.com/org/apache/commons/commons-exec/1.3/commons-exec-1.3-sources.jar ...
[debug] 	jcenter: downloading https://jcenter.bintray.com/org/apache/commons/commons-exec/1.3/commons-exec-1.3-sources.jar
[debug] 	jcenter: downloading https://jcenter.bintray.com/org/apache/commons/commons-exec/1.3/commons-exec-1.3-sources.jar.sha1
[debug] sha1 OK for https://jcenter.bintray.com/org/apache/commons/commons-exec/1.3/commons-exec-1.3-sources.jar
[info] 	[SUCCESSFUL ] org.apache.commons#commons-exec;1.3!commons-exec.jar(src) (893ms)
[debug] 	[NOT REQUIRED] net.java.dev.jna#jna;4.1.0!jna.jar
[debug] 		tried /Users/rambighananthan/.ivy2/local/net.java.dev.jna/jna/4.1.0/srcs/jna-sources.jar
[debug] 		tried https://jcenter.bintray.com/net/java/dev/jna/jna/4.1.0/jna-4.1.0-sources.jar
[info] downloading https://jcenter.bintray.com/net/java/dev/jna/jna/4.1.0/jna-4.1.0-sources.jar ...
[debug] 	jcenter: downloading https://jcenter.bintray.com/net/java/dev/jna/jna/4.1.0/jna-4.1.0-sources.jar
[debug] 	jcenter: downloading https://jcenter.bintray.com/net/java/dev/jna/jna/4.1.0/jna-4.1.0-sources.jar.sha1
[debug] sha1 OK for https://jcenter.bintray.com/net/java/dev/jna/jna/4.1.0/jna-4.1.0-sources.jar
[info] 	[SUCCESSFUL ] net.java.dev.jna#jna;4.1.0!jna.jar(src) (1037ms)
[debug] 		tried /Users/rambighananthan/.ivy2/local/net.java.dev.jna/jna-platform/4.1.0/srcs/jna-platform-sources.jar
[debug] 	[NOT REQUIRED] net.java.dev.jna#jna-platform;4.1.0!jna-platform.jar
[debug] 		tried https://jcenter.bintray.com/net/java/dev/jna/jna-platform/4.1.0/jna-platform-4.1.0-sources.jar
[info] downloading https://jcenter.bintray.com/net/java/dev/jna/jna-platform/4.1.0/jna-platform-4.1.0-sources.jar ...
[debug] 	jcenter: downloading https://jcenter.bintray.com/net/java/dev/jna/jna-platform/4.1.0/jna-platform-4.1.0-sources.jar
[debug] 	jcenter: downloading https://jcenter.bintray.com/net/java/dev/jna/jna-platform/4.1.0/jna-platform-4.1.0-sources.jar.sha1
[debug] sha1 OK for https://jcenter.bintray.com/net/java/dev/jna/jna-platform/4.1.0/jna-platform-4.1.0-sources.jar
[info] 	[SUCCESSFUL ] net.java.dev.jna#jna-platform;4.1.0!jna-platform.jar(src) (1361ms)
[debug] 	[NOT REQUIRED] org.seleniumhq.selenium#selenium-edge-driver;2.53.0!selenium-edge-driver.jar
[debug] 		tried /Users/rambighananthan/.ivy2/local/org.seleniumhq.selenium/selenium-edge-driver/2.53.0/srcs/selenium-edge-driver-sources.jar
[debug] 		tried https://jcenter.bintray.com/org/seleniumhq/selenium/selenium-edge-driver/2.53.0/selenium-edge-driver-2.53.0-sources.jar
[info] downloading https://jcenter.bintray.com/org/seleniumhq/selenium/selenium-edge-driver/2.53.0/selenium-edge-driver-2.53.0-sources.jar ...
[debug] 	jcenter: downloading https://jcenter.bintray.com/org/seleniumhq/selenium/selenium-edge-driver/2.53.0/selenium-edge-driver-2.53.0-sources.jar
[debug] 	jcenter: downloading https://jcenter.bintray.com/org/seleniumhq/selenium/selenium-edge-driver/2.53.0/selenium-edge-driver-2.53.0-sources.jar.sha1
[debug] sha1 OK for https://jcenter.bintray.com/org/seleniumhq/selenium/selenium-edge-driver/2.53.0/selenium-edge-driver-2.53.0-sources.jar
[info] 	[SUCCESSFUL ] org.seleniumhq.selenium#selenium-edge-driver;2.53.0!selenium-edge-driver.jar(src) (708ms)
[debug] 		tried /Users/rambighananthan/.ivy2/local/commons-io/commons-io/2.4/srcs/commons-io-sources.jar
[debug] 	[NOT REQUIRED] commons-io#commons-io;2.4!commons-io.jar
[debug] 		tried https://jcenter.bintray.com/commons-io/commons-io/2.4/commons-io-2.4-sources.jar
[info] downloading https://jcenter.bintray.com/commons-io/commons-io/2.4/commons-io-2.4-sources.jar ...
[debug] 	jcenter: downloading https://jcenter.bintray.com/commons-io/commons-io/2.4/commons-io-2.4-sources.jar
[debug] 	jcenter: downloading https://jcenter.bintray.com/commons-io/commons-io/2.4/commons-io-2.4-sources.jar.sha1
[debug] sha1 OK for https://jcenter.bintray.com/commons-io/commons-io/2.4/commons-io-2.4-sources.jar
[info] 	[SUCCESSFUL ] commons-io#commons-io;2.4!commons-io.jar(src) (1195ms)
[debug] 	[NOT REQUIRED] org.seleniumhq.selenium#selenium-firefox-driver;2.53.0!selenium-firefox-driver.jar
[debug] 		tried /Users/rambighananthan/.ivy2/local/org.seleniumhq.selenium/selenium-firefox-driver/2.53.0/srcs/selenium-firefox-driver-sources.jar
[debug] 		tried https://jcenter.bintray.com/org/seleniumhq/selenium/selenium-firefox-driver/2.53.0/selenium-firefox-driver-2.53.0-sources.jar
[info] downloading https://jcenter.bintray.com/org/seleniumhq/selenium/selenium-firefox-driver/2.53.0/selenium-firefox-driver-2.53.0-sources.jar ...
[debug] 	jcenter: downloading https://jcenter.bintray.com/org/seleniumhq/selenium/selenium-firefox-driver/2.53.0/selenium-firefox-driver-2.53.0-sources.jar
[debug] 	jcenter: downloading https://jcenter.bintray.com/org/seleniumhq/selenium/selenium-firefox-driver/2.53.0/selenium-firefox-driver-2.53.0-sources.jar.sha1
[debug] sha1 OK for https://jcenter.bintray.com/org/seleniumhq/selenium/selenium-firefox-driver/2.53.0/selenium-firefox-driver-2.53.0-sources.jar
[info] 	[SUCCESSFUL ] org.seleniumhq.selenium#selenium-firefox-driver;2.53.0!selenium-firefox-driver.jar(src) (889ms)
[debug] 		tried /Users/rambighananthan/.ivy2/local/org.seleniumhq.selenium/selenium-ie-driver/2.53.0/srcs/selenium-ie-driver-sources.jar
[debug] 	[NOT REQUIRED] org.seleniumhq.selenium#selenium-ie-driver;2.53.0!selenium-ie-driver.jar
[debug] 		tried https://jcenter.bintray.com/org/seleniumhq/selenium/selenium-ie-driver/2.53.0/selenium-ie-driver-2.53.0-sources.jar
[info] downloading https://jcenter.bintray.com/org/seleniumhq/selenium/selenium-ie-driver/2.53.0/selenium-ie-driver-2.53.0-sources.jar ...
[debug] 	jcenter: downloading https://jcenter.bintray.com/org/seleniumhq/selenium/selenium-ie-driver/2.53.0/selenium-ie-driver-2.53.0-sources.jar
[debug] 	jcenter: downloading https://jcenter.bintray.com/org/seleniumhq/selenium/selenium-ie-driver/2.53.0/selenium-ie-driver-2.53.0-sources.jar.sha1
[debug] sha1 OK for https://jcenter.bintray.com/org/seleniumhq/selenium/selenium-ie-driver/2.53.0/selenium-ie-driver-2.53.0-sources.jar
[info] 	[SUCCESSFUL ] org.seleniumhq.selenium#selenium-ie-driver;2.53.0!selenium-ie-driver.jar(src) (669ms)
[debug] 		tried /Users/rambighananthan/.ivy2/local/org.seleniumhq.selenium/selenium-safari-driver/2.53.0/srcs/selenium-safari-driver-sources.jar
[debug] 	[NOT REQUIRED] org.seleniumhq.selenium#selenium-safari-driver;2.53.0!selenium-safari-driver.jar
[debug] 		tried https://jcenter.bintray.com/org/seleniumhq/selenium/selenium-safari-driver/2.53.0/selenium-safari-driver-2.53.0-sources.jar
[info] downloading https://jcenter.bintray.com/org/seleniumhq/selenium/selenium-safari-driver/2.53.0/selenium-safari-driver-2.53.0-sources.jar ...
[debug] 	jcenter: downloading https://jcenter.bintray.com/org/seleniumhq/selenium/selenium-safari-driver/2.53.0/selenium-safari-driver-2.53.0-sources.jar
[debug] 	jcenter: downloading https://jcenter.bintray.com/org/seleniumhq/selenium/selenium-safari-driver/2.53.0/selenium-safari-driver-2.53.0-sources.jar.sha1
[debug] sha1 OK for https://jcenter.bintray.com/org/seleniumhq/selenium/selenium-safari-driver/2.53.0/selenium-safari-driver-2.53.0-sources.jar
[info] 	[SUCCESSFUL ] org.seleniumhq.selenium#selenium-safari-driver;2.53.0!selenium-safari-driver.jar(src) (701ms)
[debug] 		tried /Users/rambighananthan/.ivy2/local/io.netty/netty/3.5.7.Final/jars/netty.jar
[debug] 		tried /Users/rambighananthan/.ivy2/local/io.netty/netty/3.5.7.Final/srcs/netty-sources.jar
[debug] 		tried https://jcenter.bintray.com/io/netty/netty/3.5.7.Final/netty-3.5.7.Final.jar
[info] downloading https://jcenter.bintray.com/io/netty/netty/3.5.7.Final/netty-3.5.7.Final.jar ...
[debug] 	jcenter: downloading https://jcenter.bintray.com/io/netty/netty/3.5.7.Final/netty-3.5.7.Final.jar
[debug] 	jcenter: downloading https://jcenter.bintray.com/io/netty/netty/3.5.7.Final/netty-3.5.7.Final.jar.sha1
[debug] sha1 OK for https://jcenter.bintray.com/io/netty/netty/3.5.7.Final/netty-3.5.7.Final.jar
[info] 	[SUCCESSFUL ] io.netty#netty;3.5.7.Final!netty.jar (2086ms)
[debug] 		tried https://jcenter.bintray.com/io/netty/netty/3.5.7.Final/netty-3.5.7.Final-sources.jar
[info] downloading https://jcenter.bintray.com/io/netty/netty/3.5.7.Final/netty-3.5.7.Final-sources.jar ...
[debug] 	jcenter: downloading https://jcenter.bintray.com/io/netty/netty/3.5.7.Final/netty-3.5.7.Final-sources.jar
[debug] 	jcenter: downloading https://jcenter.bintray.com/io/netty/netty/3.5.7.Final/netty-3.5.7.Final-sources.jar.sha1
[debug] sha1 OK for https://jcenter.bintray.com/io/netty/netty/3.5.7.Final/netty-3.5.7.Final-sources.jar
[info] 	[SUCCESSFUL ] io.netty#netty;3.5.7.Final!netty.jar(src) (1809ms)
[debug] 	[NOT REQUIRED] org.seleniumhq.selenium#selenium-support;2.53.0!selenium-support.jar
[debug] 		tried /Users/rambighananthan/.ivy2/local/org.seleniumhq.selenium/selenium-support/2.53.0/srcs/selenium-support-sources.jar
[debug] 		tried https://jcenter.bintray.com/org/seleniumhq/selenium/selenium-support/2.53.0/selenium-support-2.53.0-sources.jar
[info] downloading https://jcenter.bintray.com/org/seleniumhq/selenium/selenium-support/2.53.0/selenium-support-2.53.0-sources.jar ...
[debug] 	jcenter: downloading https://jcenter.bintray.com/org/seleniumhq/selenium/selenium-support/2.53.0/selenium-support-2.53.0-sources.jar
[debug] 	jcenter: downloading https://jcenter.bintray.com/org/seleniumhq/selenium/selenium-support/2.53.0/selenium-support-2.53.0-sources.jar.sha1
[debug] sha1 OK for https://jcenter.bintray.com/org/seleniumhq/selenium/selenium-support/2.53.0/selenium-support-2.53.0-sources.jar
[info] 	[SUCCESSFUL ] org.seleniumhq.selenium#selenium-support;2.53.0!selenium-support.jar(src) (1012ms)
[debug] 	[NOT REQUIRED] org.seleniumhq.selenium#selenium-leg-rc;2.53.0!selenium-leg-rc.jar
[debug] 		tried /Users/rambighananthan/.ivy2/local/org.seleniumhq.selenium/selenium-leg-rc/2.53.0/srcs/selenium-leg-rc-sources.jar
[debug] 		tried https://jcenter.bintray.com/org/seleniumhq/selenium/selenium-leg-rc/2.53.0/selenium-leg-rc-2.53.0-sources.jar
[info] downloading https://jcenter.bintray.com/org/seleniumhq/selenium/selenium-leg-rc/2.53.0/selenium-leg-rc-2.53.0-sources.jar ...
[debug] 	jcenter: downloading https://jcenter.bintray.com/org/seleniumhq/selenium/selenium-leg-rc/2.53.0/selenium-leg-rc-2.53.0-sources.jar
[debug] 	jcenter: downloading https://jcenter.bintray.com/org/seleniumhq/selenium/selenium-leg-rc/2.53.0/selenium-leg-rc-2.53.0-sources.jar.sha1
[debug] sha1 OK for https://jcenter.bintray.com/org/seleniumhq/selenium/selenium-leg-rc/2.53.0/selenium-leg-rc-2.53.0-sources.jar
[info] 	[SUCCESSFUL ] org.seleniumhq.selenium#selenium-leg-rc;2.53.0!selenium-leg-rc.jar(src) (1004ms)
[debug] 	[NOT REQUIRED] org.scala-lang#scala-compiler;2.11.8!scala-compiler.jar(src)
[debug] 	[NOT REQUIRED] org.scala-lang.modules#scala-xml_2.11;1.0.4!scala-xml_2.11.jar(src)
[debug] 	[NOT REQUIRED] jline#jline;2.12.1!jline.jar(src)
[debug] :: resolution report :: resolve 593ms :: artifacts dl 49586ms
[warn] 	::::::::::::::::::::::::::::::::::::::::::::::
[warn] 	::              FAILED DOWNLOADS            ::
[warn] 	:: ^ see resolution messages for details  ^ ::
[warn] 	::::::::::::::::::::::::::::::::::::::::::::::
[warn] 	:: org.seleniumhq.selenium#selenium-java;2.53.0!selenium-java.jar(src)
[warn] 	::::::::::::::::::::::::::::::::::::::::::::::
[debug] 	report for default#scalatestforui$sources_2.11;1.0 compile produced in /Users/rambighananthan/tools/scalatestforui/target/resolution-cache/reports/default-scalatestforui$sources_2.11-compile.xml
[debug] 	report for default#scalatestforui$sources_2.11;1.0 runtime produced in /Users/rambighananthan/tools/scalatestforui/target/resolution-cache/reports/default-scalatestforui$sources_2.11-runtime.xml
[debug] 	report for default#scalatestforui$sources_2.11;1.0 test produced in /Users/rambighananthan/tools/scalatestforui/target/resolution-cache/reports/default-scalatestforui$sources_2.11-test.xml
[debug] 	report for default#scalatestforui$sources_2.11;1.0 provided produced in /Users/rambighananthan/tools/scalatestforui/target/resolution-cache/reports/default-scalatestforui$sources_2.11-provided.xml
[debug] 	report for default#scalatestforui$sources_2.11;1.0 optional produced in /Users/rambighananthan/tools/scalatestforui/target/resolution-cache/reports/default-scalatestforui$sources_2.11-optional.xml
[debug] 	report for default#scalatestforui$sources_2.11;1.0 compile-internal produced in /Users/rambighananthan/tools/scalatestforui/target/resolution-cache/reports/default-scalatestforui$sources_2.11-compile-internal.xml
[debug] 	report for default#scalatestforui$sources_2.11;1.0 runtime-internal produced in /Users/rambighananthan/tools/scalatestforui/target/resolution-cache/reports/default-scalatestforui$sources_2.11-runtime-internal.xml
[debug] 	report for default#scalatestforui$sources_2.11;1.0 test-internal produced in /Users/rambighananthan/tools/scalatestforui/target/resolution-cache/reports/default-scalatestforui$sources_2.11-test-internal.xml
[debug] 	report for default#scalatestforui$sources_2.11;1.0 plugin produced in /Users/rambighananthan/tools/scalatestforui/target/resolution-cache/reports/default-scalatestforui$sources_2.11-plugin.xml
[debug] 	report for default#scalatestforui$sources_2.11;1.0 sources produced in /Users/rambighananthan/tools/scalatestforui/target/resolution-cache/reports/default-scalatestforui$sources_2.11-sources.xml
[debug] 	report for default#scalatestforui$sources_2.11;1.0 docs produced in /Users/rambighananthan/tools/scalatestforui/target/resolution-cache/reports/default-scalatestforui$sources_2.11-docs.xml
[debug] 	report for default#scalatestforui$sources_2.11;1.0 pom produced in /Users/rambighananthan/tools/scalatestforui/target/resolution-cache/reports/default-scalatestforui$sources_2.11-pom.xml
[debug] 	report for default#scalatestforui$sources_2.11;1.0 scala-tool produced in /Users/rambighananthan/tools/scalatestforui/target/resolution-cache/reports/default-scalatestforui$sources_2.11-scala-tool.xml
[debug] 	resolve done (593ms resolve - 49586ms download)
